<?xml version="1.0" encoding="UTF-8"?>
<testng-results skipped="0" failed="0" total="7" passed="7">
  <reporter-output>
  </reporter-output>
  <suite name="Command line suite" duration-ms="534" started-at="2013-01-05T10:38:35Z" finished-at="2013-01-05T10:38:36Z">
    <groups>
    </groups>
    <test name="Command line test" duration-ms="534" started-at="2013-01-05T10:38:35Z" finished-at="2013-01-05T10:38:36Z">
      <class name="org.forgerock.identity.authentication.modules.adaptivedeviceprint.ProfileAcceptanceLogicTest">
        <test-method status="PASS" signature="beforeTest()[pri:0, instance:org.forgerock.identity.authentication.modules.adaptivedeviceprint.ProfileAcceptanceLogicTest@1ed0af9b]" name="beforeTest" is-config="true" duration-ms="395" started-at="2013-01-05T10:38:35Z" finished-at="2013-01-05T10:38:36Z">
        </test-method> <!-- beforeTest -->
        <test-method status="PASS" signature="getDefaultName()[pri:0, instance:org.forgerock.identity.authentication.modules.adaptivedeviceprint.ProfileAcceptanceLogicTest@1ed0af9b]" name="getDefaultName" duration-ms="55" started-at="2013-01-05T10:38:36Z" finished-at="2013-01-05T10:38:36Z">
        </test-method> <!-- getDefaultName -->
        <test-method status="PASS" signature="beforeTest()[pri:0, instance:org.forgerock.identity.authentication.modules.adaptivedeviceprint.ProfileAcceptanceLogicTest@1ed0af9b]" name="beforeTest" is-config="true" duration-ms="1" started-at="2013-01-05T10:38:36Z" finished-at="2013-01-05T10:38:36Z">
        </test-method> <!-- beforeTest -->
        <test-method status="PASS" signature="init()[pri:0, instance:org.forgerock.identity.authentication.modules.adaptivedeviceprint.ProfileAcceptanceLogicTest@1ed0af9b]" name="init" duration-ms="7" started-at="2013-01-05T10:38:36Z" finished-at="2013-01-05T10:38:36Z">
        </test-method> <!-- init -->
        <test-method status="PASS" signature="proccedInitNotSkipped()[pri:0, instance:org.forgerock.identity.authentication.modules.adaptivedeviceprint.ProfileAcceptanceLogicTest@1ed0af9b]" name="proccedInitNotSkipped" duration-ms="15" started-at="2013-01-05T10:38:36Z" finished-at="2013-01-05T10:38:36Z">
        </test-method> <!-- proccedInitNotSkipped -->
        <test-method status="PASS" signature="beforeTest()[pri:0, instance:org.forgerock.identity.authentication.modules.adaptivedeviceprint.ProfileAcceptanceLogicTest@1ed0af9b]" name="beforeTest" is-config="true" duration-ms="0" started-at="2013-01-05T10:38:36Z" finished-at="2013-01-05T10:38:36Z">
        </test-method> <!-- beforeTest -->
        <test-method status="PASS" signature="beforeTest()[pri:0, instance:org.forgerock.identity.authentication.modules.adaptivedeviceprint.ProfileAcceptanceLogicTest@1ed0af9b]" name="beforeTest" is-config="true" duration-ms="0" started-at="2013-01-05T10:38:36Z" finished-at="2013-01-05T10:38:36Z">
        </test-method> <!-- beforeTest -->
        <test-method status="PASS" signature="proccedInitSkipped()[pri:0, instance:org.forgerock.identity.authentication.modules.adaptivedeviceprint.ProfileAcceptanceLogicTest@1ed0af9b]" name="proccedInitSkipped" duration-ms="9" started-at="2013-01-05T10:38:36Z" finished-at="2013-01-05T10:38:36Z">
        </test-method> <!-- proccedInitSkipped -->
        <test-method status="PASS" signature="proccedNotStoring()[pri:0, instance:org.forgerock.identity.authentication.modules.adaptivedeviceprint.ProfileAcceptanceLogicTest@1ed0af9b]" name="proccedNotStoring" duration-ms="1" started-at="2013-01-05T10:38:36Z" finished-at="2013-01-05T10:38:36Z">
        </test-method> <!-- proccedNotStoring -->
        <test-method status="PASS" signature="beforeTest()[pri:0, instance:org.forgerock.identity.authentication.modules.adaptivedeviceprint.ProfileAcceptanceLogicTest@1ed0af9b]" name="beforeTest" is-config="true" duration-ms="0" started-at="2013-01-05T10:38:36Z" finished-at="2013-01-05T10:38:36Z">
        </test-method> <!-- beforeTest -->
        <test-method status="PASS" signature="beforeTest()[pri:0, instance:org.forgerock.identity.authentication.modules.adaptivedeviceprint.ProfileAcceptanceLogicTest@1ed0af9b]" name="beforeTest" is-config="true" duration-ms="1" started-at="2013-01-05T10:38:36Z" finished-at="2013-01-05T10:38:36Z">
        </test-method> <!-- beforeTest -->
        <test-method status="PASS" signature="proccedStoring()[pri:0, instance:org.forgerock.identity.authentication.modules.adaptivedeviceprint.ProfileAcceptanceLogicTest@1ed0af9b]" name="proccedStoring" duration-ms="13" started-at="2013-01-05T10:38:36Z" finished-at="2013-01-05T10:38:36Z">
        </test-method> <!-- proccedStoring -->
        <test-method status="PASS" signature="beforeTest()[pri:0, instance:org.forgerock.identity.authentication.modules.adaptivedeviceprint.ProfileAcceptanceLogicTest@1ed0af9b]" name="beforeTest" is-config="true" duration-ms="1" started-at="2013-01-05T10:38:36Z" finished-at="2013-01-05T10:38:36Z">
        </test-method> <!-- beforeTest -->
        <test-method status="PASS" signature="suggestedNameIsSelectedProfileName()[pri:0, instance:org.forgerock.identity.authentication.modules.adaptivedeviceprint.ProfileAcceptanceLogicTest@1ed0af9b]" name="suggestedNameIsSelectedProfileName" duration-ms="5" started-at="2013-01-05T10:38:36Z" finished-at="2013-01-05T10:38:36Z">
        </test-method> <!-- suggestedNameIsSelectedProfileName -->
      </class> <!-- org.forgerock.identity.authentication.modules.adaptivedeviceprint.ProfileAcceptanceLogicTest -->
    </test> <!-- Command line test -->
  </suite> <!-- Command line suite -->
</testng-results>
