<?xml version="1.0" encoding="UTF-8" ?>
<testsuite failures="0" time="1.003" errors="0" skipped="0" tests="7" name="TestSuite">
  <properties>
[...]
</properties>
  <testcase time="0.054" classname="org.forgerock.identity.authentication.modules.adaptivedeviceprint.ProfileAcceptanceLogicTest" name="getDefaultName"/>
  <testcase time="0.007" classname="org.forgerock.identity.authentication.modules.adaptivedeviceprint.ProfileAcceptanceLogicTest" name="init"/>
  <testcase time="0.015" classname="org.forgerock.identity.authentication.modules.adaptivedeviceprint.ProfileAcceptanceLogicTest" name="proccedInitNotSkipped"/>
  <testcase time="0.009" classname="org.forgerock.identity.authentication.modules.adaptivedeviceprint.ProfileAcceptanceLogicTest" name="proccedInitSkipped"/>
  <testcase time="0.001" classname="org.forgerock.identity.authentication.modules.adaptivedeviceprint.ProfileAcceptanceLogicTest" name="proccedNotStoring"/>
  <testcase time="0.013" classname="org.forgerock.identity.authentication.modules.adaptivedeviceprint.ProfileAcceptanceLogicTest" name="proccedStoring"/>
  <testcase time="0.005" classname="org.forgerock.identity.authentication.modules.adaptivedeviceprint.ProfileAcceptanceLogicTest" name="suggestedNameIsSelectedProfileName"/>
</testsuite>