<?xml version="1.0" encoding="UTF-8"?>
<!-- Generated by org.testng.reporters.JUnitXMLReporter -->
<testsuite hostname="AllanAir" name="Command line test" tests="79" failures="0" timestamp="5 Jan 2013 18:38:33 GMT" time="1.374" errors="0">
  <testcase name="testBothNullExactMatch" time="0.018" classname="org.forgerock.identity.authentication.modules.adaptivedeviceprint.logic.matchingrunner.riskbased.attributematcher.matcher.AdvancedMatcherTest"/>
  <testcase name="testDifferentCharsWithIgnoreVersionCharsNotExactMatch" time="0.0010" classname="org.forgerock.identity.authentication.modules.adaptivedeviceprint.logic.matchingrunner.riskbased.attributematcher.matcher.AdvancedMatcherTest"/>
  <testcase name="testDifferentNotExactMatch" time="0.0" classname="org.forgerock.identity.authentication.modules.adaptivedeviceprint.logic.matchingrunner.riskbased.attributematcher.matcher.AdvancedMatcherTest"/>
  <testcase name="testDifferentNumbersNotExactMatch" time="0.0" classname="org.forgerock.identity.authentication.modules.adaptivedeviceprint.logic.matchingrunner.riskbased.attributematcher.matcher.AdvancedMatcherTest"/>
  <testcase name="testDifferentNumbersWithIgnoreVersionCharsExactMatch" time="0.0" classname="org.forgerock.identity.authentication.modules.adaptivedeviceprint.logic.matchingrunner.riskbased.attributematcher.matcher.AdvancedMatcherTest"/>
  <testcase name="testEmptyAndNullExactMatch" time="0.0010" classname="org.forgerock.identity.authentication.modules.adaptivedeviceprint.logic.matchingrunner.riskbased.attributematcher.matcher.AdvancedMatcherTest"/>
  <testcase name="testNullAndEmptyNotExactMatch" time="0.0" classname="org.forgerock.identity.authentication.modules.adaptivedeviceprint.logic.matchingrunner.riskbased.attributematcher.matcher.AdvancedMatcherTest"/>
  <testcase name="testOneCharDifferentNotExactMatch" time="0.0" classname="org.forgerock.identity.authentication.modules.adaptivedeviceprint.logic.matchingrunner.riskbased.attributematcher.matcher.AdvancedMatcherTest"/>
  <testcase name="testSameExactMatch" time="0.0010" classname="org.forgerock.identity.authentication.modules.adaptivedeviceprint.logic.matchingrunner.riskbased.attributematcher.matcher.AdvancedMatcherTest"/>
  <testcase name="testAdditionalInfoInCurrentValue" time="0.0" classname="org.forgerock.identity.authentication.modules.adaptivedeviceprint.logic.marchingrunner.riskbased.AttributeComparatorTest"/>
  <testcase name="testAttributesDiffers" time="0.0" classname="org.forgerock.identity.authentication.modules.adaptivedeviceprint.logic.marchingrunner.riskbased.AttributeComparatorTest"/>
  <testcase name="testAttributesEqals" time="0.0" classname="org.forgerock.identity.authentication.modules.adaptivedeviceprint.logic.marchingrunner.riskbased.AttributeComparatorTest"/>
  <testcase name="testBothValuesNull" time="0.0" classname="org.forgerock.identity.authentication.modules.adaptivedeviceprint.logic.marchingrunner.riskbased.AttributeComparatorTest"/>
  <testcase name="falseWhenIncorrectAttributeName" time="0.0030" classname="org.forgerock.identity.authentication.modules.adaptivedeviceprint.logic.requiredattributes.AttributesCheckerTest"/>
  <testcase name="hasNotRequiredAttribute" time="0.0010" classname="org.forgerock.identity.authentication.modules.adaptivedeviceprint.logic.requiredattributes.AttributesCheckerTest"/>
  <testcase name="hasRequiredAttribute" time="0.0" classname="org.forgerock.identity.authentication.modules.adaptivedeviceprint.logic.requiredattributes.AttributesCheckerTest"/>
  <testcase name="testBothNullExactMatch" time="0.0010" classname="org.forgerock.identity.authentication.modules.adaptivedeviceprint.logic.matchingrunner.riskbased.attributematcher.matcher.ColocationMatcherTest"/>
  <testcase name="testCalculateDistance1" time="0.0030" classname="org.forgerock.identity.authentication.modules.adaptivedeviceprint.logic.matchingrunner.riskbased.attributematcher.matcher.ColocationMatcherTest"/>
  <testcase name="testCalculateDistance2" time="0.0010" classname="org.forgerock.identity.authentication.modules.adaptivedeviceprint.logic.matchingrunner.riskbased.attributematcher.matcher.ColocationMatcherTest"/>
  <testcase name="testCalculateDistance3" time="0.0" classname="org.forgerock.identity.authentication.modules.adaptivedeviceprint.logic.matchingrunner.riskbased.attributematcher.matcher.ColocationMatcherTest"/>
  <testcase name="testCalculateDistance4" time="0.0010" classname="org.forgerock.identity.authentication.modules.adaptivedeviceprint.logic.matchingrunner.riskbased.attributematcher.matcher.ColocationMatcherTest"/>
  <testcase name="testCurrentNullStoredNotNullNotExactMatch" time="0.0" classname="org.forgerock.identity.authentication.modules.adaptivedeviceprint.logic.matchingrunner.riskbased.attributematcher.matcher.ColocationMatcherTest"/>
  <testcase name="testNotSameNotExactMatch" time="0.0010" classname="org.forgerock.identity.authentication.modules.adaptivedeviceprint.logic.matchingrunner.riskbased.attributematcher.matcher.ColocationMatcherTest"/>
  <testcase name="testSameExactMatch" time="0.0010" classname="org.forgerock.identity.authentication.modules.adaptivedeviceprint.logic.matchingrunner.riskbased.attributematcher.matcher.ColocationMatcherTest"/>
  <testcase name="testStoredNullCurrentNotNullNotExactMatch" time="0.0" classname="org.forgerock.identity.authentication.modules.adaptivedeviceprint.logic.matchingrunner.riskbased.attributematcher.matcher.ColocationMatcherTest"/>
  <testcase name="compareVariousPenaltyPointsValues" time="0.0" classname="org.forgerock.identity.authentication.modules.adaptivedeviceprint.logic.marchingrunner.riskbased.ComparisonResultComparatorTest"/>
  <testcase name="testExactMatch" time="0.378" classname="org.forgerock.identity.authentication.modules.adaptivedeviceprint.logic.marchingrunner.riskbased.DevicePrintRiskBasedComparatorTest"/>
  <testcase name="testMissingCookie" time="0.042" classname="org.forgerock.identity.authentication.modules.adaptivedeviceprint.logic.marchingrunner.riskbased.DevicePrintRiskBasedComparatorTest"/>
  <testcase name="testModifiedCookie" time="0.034" classname="org.forgerock.identity.authentication.modules.adaptivedeviceprint.logic.marchingrunner.riskbased.DevicePrintRiskBasedComparatorTest"/>
  <testcase name="testNonExactMatch" time="0.038" classname="org.forgerock.identity.authentication.modules.adaptivedeviceprint.logic.marchingrunner.riskbased.DevicePrintRiskBasedComparatorTest"/>
  <testcase name="testNonSuccessfulWithAdditionalInfo" time="0.037" classname="org.forgerock.identity.authentication.modules.adaptivedeviceprint.logic.marchingrunner.riskbased.DevicePrintRiskBasedComparatorTest"/>
  <testcase name="testSuccessfulWithAdditionalInfo" time="0.038" classname="org.forgerock.identity.authentication.modules.adaptivedeviceprint.logic.marchingrunner.riskbased.DevicePrintRiskBasedComparatorTest"/>
  <testcase name="test10And40PercentDifferentFontsWith3ItemsOr30PercentIgnore" time="0.049" classname="org.forgerock.identity.authentication.modules.adaptivedeviceprint.logic.marchingrunner.riskbased.DevicePrintRiskBasedInstalledFontsComparatorTest"/>
  <testcase name="test3DifferentFontsWith3ItemsOr30PercentIgnore" time="0.045" classname="org.forgerock.identity.authentication.modules.adaptivedeviceprint.logic.marchingrunner.riskbased.DevicePrintRiskBasedInstalledFontsComparatorTest"/>
  <testcase name="test3DifferentFontsWithoutIgnore" time="0.043" classname="org.forgerock.identity.authentication.modules.adaptivedeviceprint.logic.marchingrunner.riskbased.DevicePrintRiskBasedInstalledFontsComparatorTest"/>
  <testcase name="testBothNoFontsWithoutIgnore" time="0.043" classname="org.forgerock.identity.authentication.modules.adaptivedeviceprint.logic.marchingrunner.riskbased.DevicePrintRiskBasedInstalledFontsComparatorTest"/>
  <testcase name="testDifferentFontsWithoutIgnore" time="0.03" classname="org.forgerock.identity.authentication.modules.adaptivedeviceprint.logic.marchingrunner.riskbased.DevicePrintRiskBasedInstalledFontsComparatorTest"/>
  <testcase name="testMoreThen30PercentButLessThen3DifferencesWith3ItemsOr30PercentIgnore" time="0.026" classname="org.forgerock.identity.authentication.modules.adaptivedeviceprint.logic.marchingrunner.riskbased.DevicePrintRiskBasedInstalledFontsComparatorTest"/>
  <testcase name="testNoDifferentsInFontsWithoutIgnore" time="0.037" classname="org.forgerock.identity.authentication.modules.adaptivedeviceprint.logic.marchingrunner.riskbased.DevicePrintRiskBasedInstalledFontsComparatorTest"/>
  <testcase name="test10And40PercentDifferentPluginsWith3ItemsOr30PercentIgnore" time="0.035" classname="org.forgerock.identity.authentication.modules.adaptivedeviceprint.logic.marchingrunner.riskbased.DevicePrintRiskBasedInstalledPluginsComparatorTest"/>
  <testcase name="test3DifferentPluginsWith3ItemsOr30PercentIgnore" time="0.033" classname="org.forgerock.identity.authentication.modules.adaptivedeviceprint.logic.marchingrunner.riskbased.DevicePrintRiskBasedInstalledPluginsComparatorTest"/>
  <testcase name="test3DifferentPluginsWithoutIgnore" time="0.029" classname="org.forgerock.identity.authentication.modules.adaptivedeviceprint.logic.marchingrunner.riskbased.DevicePrintRiskBasedInstalledPluginsComparatorTest"/>
  <testcase name="testBothNoPluginsWithoutIgnore" time="0.015" classname="org.forgerock.identity.authentication.modules.adaptivedeviceprint.logic.marchingrunner.riskbased.DevicePrintRiskBasedInstalledPluginsComparatorTest"/>
  <testcase name="testDifferentPluginsWithoutIgnore" time="0.016" classname="org.forgerock.identity.authentication.modules.adaptivedeviceprint.logic.marchingrunner.riskbased.DevicePrintRiskBasedInstalledPluginsComparatorTest"/>
  <testcase name="testMoreThen30PercentButLessThen3DifferencesWith3ItemsOr30PercentIgnore" time="0.024" classname="org.forgerock.identity.authentication.modules.adaptivedeviceprint.logic.marchingrunner.riskbased.DevicePrintRiskBasedInstalledPluginsComparatorTest"/>
  <testcase name="testNoDifferentsInPluginsWithoutIgnore" time="0.018" classname="org.forgerock.identity.authentication.modules.adaptivedeviceprint.logic.marchingrunner.riskbased.DevicePrintRiskBasedInstalledPluginsComparatorTest"/>
  <testcase name="testDifferentUserAgentByMultipleDifferentAttributeVersionsWithIgnore" time="0.02" classname="org.forgerock.identity.authentication.modules.adaptivedeviceprint.logic.marchingrunner.riskbased.DevicePrintRiskBasedUserAgentComparatorTest"/>
  <testcase name="testDifferentUserAgentByOneDifferentAttributeVersion" time="0.022" classname="org.forgerock.identity.authentication.modules.adaptivedeviceprint.logic.marchingrunner.riskbased.DevicePrintRiskBasedUserAgentComparatorTest"/>
  <testcase name="testDifferentUserAgentByOneDifferentAttributeVersionWithIgnore" time="0.014" classname="org.forgerock.identity.authentication.modules.adaptivedeviceprint.logic.marchingrunner.riskbased.DevicePrintRiskBasedUserAgentComparatorTest"/>
  <testcase name="aggregateDevicePrint" time="0.059" classname="org.forgerock.identity.authentication.modules.adaptivedeviceprint.logic.FormExtractorTest"/>
  <testcase name="aggregateDevicePrint" time="0.0" classname="org.forgerock.identity.authentication.modules.adaptivedeviceprint.logic.HttpHeadersExtractorTest"/>
  <testcase name="testBothNullExactMatch" time="0.0" classname="org.forgerock.identity.authentication.modules.adaptivedeviceprint.logic.matchingrunner.riskbased.attributematcher.matcher.MultiValueAttributeMatcherTest"/>
  <testcase name="testEmptyAndNullExactMatch" time="0.0" classname="org.forgerock.identity.authentication.modules.adaptivedeviceprint.logic.matchingrunner.riskbased.attributematcher.matcher.MultiValueAttributeMatcherTest"/>
  <testcase name="testMultiValueAdditionalEmptyFieldsExactMatch" time="0.0010" classname="org.forgerock.identity.authentication.modules.adaptivedeviceprint.logic.matchingrunner.riskbased.attributematcher.matcher.MultiValueAttributeMatcherTest"/>
  <testcase name="testMultiValueAllDifferentWithMax100PercentToleranceExactMatch" time="0.0010" classname="org.forgerock.identity.authentication.modules.adaptivedeviceprint.logic.matchingrunner.riskbased.attributematcher.matcher.MultiValueAttributeMatcherTest"/>
  <testcase name="testMultiValueDifferentOrderSameExactMatch" time="0.0" classname="org.forgerock.identity.authentication.modules.adaptivedeviceprint.logic.matchingrunner.riskbased.attributematcher.matcher.MultiValueAttributeMatcherTest"/>
  <testcase name="testMultiValueDifferentOrderWithWhiteSpacesSameExactMatch" time="0.0" classname="org.forgerock.identity.authentication.modules.adaptivedeviceprint.logic.matchingrunner.riskbased.attributematcher.matcher.MultiValueAttributeMatcherTest"/>
  <testcase name="testMultiValueFirstMissingOneNotExactMatch" time="0.0" classname="org.forgerock.identity.authentication.modules.adaptivedeviceprint.logic.matchingrunner.riskbased.attributematcher.matcher.MultiValueAttributeMatcherTest"/>
  <testcase name="testMultiValueOneDifferentNotExactMatch" time="0.0" classname="org.forgerock.identity.authentication.modules.adaptivedeviceprint.logic.matchingrunner.riskbased.attributematcher.matcher.MultiValueAttributeMatcherTest"/>
  <testcase name="testMultiValueSameExactMatch" time="0.0" classname="org.forgerock.identity.authentication.modules.adaptivedeviceprint.logic.matchingrunner.riskbased.attributematcher.matcher.MultiValueAttributeMatcherTest"/>
  <testcase name="testMultiValueSecondMissingOneNotExactMatch" time="0.0010" classname="org.forgerock.identity.authentication.modules.adaptivedeviceprint.logic.matchingrunner.riskbased.attributematcher.matcher.MultiValueAttributeMatcherTest"/>
  <testcase name="testMultiValueTwoOfTenDifferentNotExactMatch" time="0.0010" classname="org.forgerock.identity.authentication.modules.adaptivedeviceprint.logic.matchingrunner.riskbased.attributematcher.matcher.MultiValueAttributeMatcherTest"/>
  <testcase name="testMultiValueTwoOfTenDifferentWithMax100PercentToleranceExactMatch" time="0.0010" classname="org.forgerock.identity.authentication.modules.adaptivedeviceprint.logic.matchingrunner.riskbased.attributematcher.matcher.MultiValueAttributeMatcherTest"/>
  <testcase name="testMultiValueTwoOfTenDifferentWithMax10PercentToleranceNotExactMatch" time="0.0010" classname="org.forgerock.identity.authentication.modules.adaptivedeviceprint.logic.matchingrunner.riskbased.attributematcher.matcher.MultiValueAttributeMatcherTest"/>
  <testcase name="testMultiValueTwoOfTenDifferentWithMax20PercentToleranceExactMatch" time="0.0010" classname="org.forgerock.identity.authentication.modules.adaptivedeviceprint.logic.matchingrunner.riskbased.attributematcher.matcher.MultiValueAttributeMatcherTest"/>
  <testcase name="testMultiValueTwoOfTenDifferentWithMax30PercentToleranceExactMatch" time="0.0010" classname="org.forgerock.identity.authentication.modules.adaptivedeviceprint.logic.matchingrunner.riskbased.attributematcher.matcher.MultiValueAttributeMatcherTest"/>
  <testcase name="testMultiValueTwoOfTenDifferentWithTolerateOneNotExactMatch" time="0.0" classname="org.forgerock.identity.authentication.modules.adaptivedeviceprint.logic.matchingrunner.riskbased.attributematcher.matcher.MultiValueAttributeMatcherTest"/>
  <testcase name="testMultiValueTwoOfTenDifferentWithTolerateTenNotExactMatch" time="0.0" classname="org.forgerock.identity.authentication.modules.adaptivedeviceprint.logic.matchingrunner.riskbased.attributematcher.matcher.MultiValueAttributeMatcherTest"/>
  <testcase name="testMultiValueTwoOfTenDifferentWithTolerateThreeNotExactMatch" time="0.0" classname="org.forgerock.identity.authentication.modules.adaptivedeviceprint.logic.matchingrunner.riskbased.attributematcher.matcher.MultiValueAttributeMatcherTest"/>
  <testcase name="testMultiValueTwoOfTenDifferentWithTolerateTwoNotExactMatch" time="0.0010" classname="org.forgerock.identity.authentication.modules.adaptivedeviceprint.logic.matchingrunner.riskbased.attributematcher.matcher.MultiValueAttributeMatcherTest"/>
  <testcase name="testNullAndEmptyNotExactMatch" time="0.0010" classname="org.forgerock.identity.authentication.modules.adaptivedeviceprint.logic.matchingrunner.riskbased.attributematcher.matcher.MultiValueAttributeMatcherTest"/>
  <testcase name="testSameExactMatch" time="0.0010" classname="org.forgerock.identity.authentication.modules.adaptivedeviceprint.logic.matchingrunner.riskbased.attributematcher.matcher.MultiValueAttributeMatcherTest"/>
  <testcase name="proceed" time="0.0050" classname="org.forgerock.identity.authentication.modules.adaptivedeviceprint.logic.PersistentCookieLogicTest"/>
  <testcase name="check" time="0.0030" classname="org.forgerock.identity.authentication.modules.adaptivedeviceprint.logic.requiredattributes.RequiredAttributesSetTest"/>
  <testcase name="testExactMatch" time="0.026" classname="org.forgerock.identity.authentication.modules.adaptivedeviceprint.logic.marchingrunner.riskbased.RiskBasedRunnerTest"/>
  <testcase name="testNoMatch" time="0.021" classname="org.forgerock.identity.authentication.modules.adaptivedeviceprint.logic.marchingrunner.riskbased.RiskBasedRunnerTest"/>
  <testcase name="testNoMatchAutomaticallyStoreProfile" time="0.032" classname="org.forgerock.identity.authentication.modules.adaptivedeviceprint.logic.marchingrunner.riskbased.RiskBasedRunnerTest"/>
  <testcase name="testNoProfilesStored" time="0.0030" classname="org.forgerock.identity.authentication.modules.adaptivedeviceprint.logic.marchingrunner.riskbased.RiskBasedRunnerTest"/>
  <testcase name="testNonExactMatch" time="0.034" classname="org.forgerock.identity.authentication.modules.adaptivedeviceprint.logic.marchingrunner.riskbased.RiskBasedRunnerTest"/>
</testsuite> <!-- Command line test -->
