<?xml version="1.0" encoding="UTF-8"?>
<testng-results skipped="0" failed="0" total="15" passed="15">
  <reporter-output>
  </reporter-output>
  <suite name="Command line suite" duration-ms="1023" started-at="2013-01-05T10:38:24Z" finished-at="2013-01-05T10:38:25Z">
    <groups>
    </groups>
    <test name="Command line test" duration-ms="1023" started-at="2013-01-05T10:38:24Z" finished-at="2013-01-05T10:38:25Z">
      <class name="org.forgerock.identity.authentication.modules.adaptivedeviceprint.logic.UserProfilesDaoTest">
        <test-method status="PASS" signature="getUserProfileByName()[pri:0, instance:org.forgerock.identity.authentication.modules.adaptivedeviceprint.logic.UserProfilesDaoTest@25cd0888]" name="getUserProfileByName" duration-ms="328" started-at="2013-01-05T10:38:24Z" finished-at="2013-01-05T10:38:24Z">
        </test-method> <!-- getUserProfileByName -->
        <test-method status="PASS" signature="init()[pri:0, instance:org.forgerock.identity.authentication.modules.adaptivedeviceprint.logic.UserProfilesDaoTest@25cd0888]" name="init" duration-ms="509" started-at="2013-01-05T10:38:24Z" finished-at="2013-01-05T10:38:25Z">
        </test-method> <!-- init -->
        <test-method status="PASS" signature="manageProfiles()[pri:0, instance:org.forgerock.identity.authentication.modules.adaptivedeviceprint.logic.UserProfilesDaoTest@25cd0888]" name="manageProfiles" duration-ms="1" started-at="2013-01-05T10:38:25Z" finished-at="2013-01-05T10:38:25Z">
        </test-method> <!-- manageProfiles -->
        <test-method status="PASS" signature="saveProfiles()[pri:0, instance:org.forgerock.identity.authentication.modules.adaptivedeviceprint.logic.UserProfilesDaoTest@25cd0888]" name="saveProfiles" duration-ms="99" started-at="2013-01-05T10:38:25Z" finished-at="2013-01-05T10:38:25Z">
        </test-method> <!-- saveProfiles -->
        <test-method status="PASS" signature="validate()[pri:0, instance:org.forgerock.identity.authentication.modules.adaptivedeviceprint.logic.UserProfilesDaoTest@25cd0888]" name="validate" duration-ms="0" started-at="2013-01-05T10:38:25Z" finished-at="2013-01-05T10:38:25Z">
        </test-method> <!-- validate -->
        <test-method status="PASS" signature="validateEmpty()[pri:0, instance:org.forgerock.identity.authentication.modules.adaptivedeviceprint.logic.UserProfilesDaoTest@25cd0888]" name="validateEmpty" duration-ms="0" started-at="2013-01-05T10:38:25Z" finished-at="2013-01-05T10:38:25Z">
          <exception class="org.forgerock.identity.authentication.modules.adaptivedeviceprint.model.EmptyUserProfileNameException">
            <message>
              <![CDATA[UserProfile name cannot be blank]]>
            </message>
            <full-stacktrace>
              <![CDATA[org.forgerock.identity.authentication.modules.adaptivedeviceprint.model.EmptyUserProfileNameException: UserProfile name cannot be blank
	at org.forgerock.identity.authentication.modules.adaptivedeviceprint.logic.UserProfilesDao.validate(UserProfilesDao.java:204)
	at org.forgerock.identity.authentication.modules.adaptivedeviceprint.logic.UserProfilesDaoTest.validateEmpty(UserProfilesDaoTest.java:177)
	at sun.reflect.NativeMethodAccessorImpl.invoke0(Native Method)
	at sun.reflect.NativeMethodAccessorImpl.invoke(NativeMethodAccessorImpl.java:39)
	at sun.reflect.DelegatingMethodAccessorImpl.invoke(DelegatingMethodAccessorImpl.java:25)
	at java.lang.reflect.Method.invoke(Method.java:597)
	at org.testng.internal.MethodInvocationHelper.invokeMethod(MethodInvocationHelper.java:80)
	at org.testng.internal.Invoker.invokeMethod(Invoker.java:701)
	at org.testng.internal.Invoker.invokeTestMethod(Invoker.java:893)
	at org.testng.internal.Invoker.invokeTestMethods(Invoker.java:1218)
	at org.testng.internal.TestMethodWorker.invokeTestMethods(TestMethodWorker.java:127)
	at org.testng.internal.TestMethodWorker.run(TestMethodWorker.java:111)
	at org.testng.TestRunner.privateRun(TestRunner.java:758)
	at org.testng.TestRunner.run(TestRunner.java:613)
	at org.testng.SuiteRunner.runTest(SuiteRunner.java:334)
	at org.testng.SuiteRunner.runSequentially(SuiteRunner.java:329)
	at org.testng.SuiteRunner.privateRun(SuiteRunner.java:291)
	at org.testng.SuiteRunner.run(SuiteRunner.java:240)
	at org.testng.SuiteRunnerWorker.runSuite(SuiteRunnerWorker.java:53)
	at org.testng.SuiteRunnerWorker.run(SuiteRunnerWorker.java:87)
	at org.testng.TestNG.runSuitesSequentially(TestNG.java:1170)
	at org.testng.TestNG.runSuitesLocally(TestNG.java:1095)
	at org.testng.TestNG.run(TestNG.java:1007)
	at org.apache.maven.surefire.testng.TestNGExecutor.run(TestNGExecutor.java:60)
	at org.apache.maven.surefire.testng.TestNGDirectoryTestSuite.executeMulti(TestNGDirectoryTestSuite.java:153)
	at org.apache.maven.surefire.testng.TestNGDirectoryTestSuite.execute(TestNGDirectoryTestSuite.java:99)
	at org.apache.maven.surefire.testng.TestNGProvider.invoke(TestNGProvider.java:111)
	at sun.reflect.NativeMethodAccessorImpl.invoke0(Native Method)
	at sun.reflect.NativeMethodAccessorImpl.invoke(NativeMethodAccessorImpl.java:39)
	at sun.reflect.DelegatingMethodAccessorImpl.invoke(DelegatingMethodAccessorImpl.java:25)
	at java.lang.reflect.Method.invoke(Method.java:597)
	at org.apache.maven.surefire.booter.ProviderFactory$ClassLoaderProxy.invoke(ProviderFactory.java:103)
	at $Proxy0.invoke(Unknown Source)
	at org.apache.maven.surefire.booter.SurefireStarter.invokeProvider(SurefireStarter.java:150)
	at org.apache.maven.surefire.booter.SurefireStarter.runSuitesInProcess(SurefireStarter.java:91)
	at org.apache.maven.surefire.booter.ForkedBooter.main(ForkedBooter.java:69)
]]>
            </full-stacktrace>
          </exception> <!-- org.forgerock.identity.authentication.modules.adaptivedeviceprint.model.EmptyUserProfileNameException -->
        </test-method> <!-- validateEmpty -->
        <test-method status="PASS" signature="validateUnique()[pri:0, instance:org.forgerock.identity.authentication.modules.adaptivedeviceprint.logic.UserProfilesDaoTest@25cd0888]" name="validateUnique" duration-ms="0" started-at="2013-01-05T10:38:25Z" finished-at="2013-01-05T10:38:25Z">
          <exception class="org.forgerock.identity.authentication.modules.adaptivedeviceprint.model.NotUniqueUserProfileException">
            <message>
              <![CDATA[UserProfiles are not unique]]>
            </message>
            <full-stacktrace>
              <![CDATA[org.forgerock.identity.authentication.modules.adaptivedeviceprint.model.NotUniqueUserProfileException: UserProfiles are not unique
	at org.forgerock.identity.authentication.modules.adaptivedeviceprint.logic.UserProfilesDao.validate(UserProfilesDao.java:199)
	at org.forgerock.identity.authentication.modules.adaptivedeviceprint.logic.UserProfilesDaoTest.validateUnique(UserProfilesDaoTest.java:153)
	at sun.reflect.NativeMethodAccessorImpl.invoke0(Native Method)
	at sun.reflect.NativeMethodAccessorImpl.invoke(NativeMethodAccessorImpl.java:39)
	at sun.reflect.DelegatingMethodAccessorImpl.invoke(DelegatingMethodAccessorImpl.java:25)
	at java.lang.reflect.Method.invoke(Method.java:597)
	at org.testng.internal.MethodInvocationHelper.invokeMethod(MethodInvocationHelper.java:80)
	at org.testng.internal.Invoker.invokeMethod(Invoker.java:701)
	at org.testng.internal.Invoker.invokeTestMethod(Invoker.java:893)
	at org.testng.internal.Invoker.invokeTestMethods(Invoker.java:1218)
	at org.testng.internal.TestMethodWorker.invokeTestMethods(TestMethodWorker.java:127)
	at org.testng.internal.TestMethodWorker.run(TestMethodWorker.java:111)
	at org.testng.TestRunner.privateRun(TestRunner.java:758)
	at org.testng.TestRunner.run(TestRunner.java:613)
	at org.testng.SuiteRunner.runTest(SuiteRunner.java:334)
	at org.testng.SuiteRunner.runSequentially(SuiteRunner.java:329)
	at org.testng.SuiteRunner.privateRun(SuiteRunner.java:291)
	at org.testng.SuiteRunner.run(SuiteRunner.java:240)
	at org.testng.SuiteRunnerWorker.runSuite(SuiteRunnerWorker.java:53)
	at org.testng.SuiteRunnerWorker.run(SuiteRunnerWorker.java:87)
	at org.testng.TestNG.runSuitesSequentially(TestNG.java:1170)
	at org.testng.TestNG.runSuitesLocally(TestNG.java:1095)
	at org.testng.TestNG.run(TestNG.java:1007)
	at org.apache.maven.surefire.testng.TestNGExecutor.run(TestNGExecutor.java:60)
	at org.apache.maven.surefire.testng.TestNGDirectoryTestSuite.executeMulti(TestNGDirectoryTestSuite.java:153)
	at org.apache.maven.surefire.testng.TestNGDirectoryTestSuite.execute(TestNGDirectoryTestSuite.java:99)
	at org.apache.maven.surefire.testng.TestNGProvider.invoke(TestNGProvider.java:111)
	at sun.reflect.NativeMethodAccessorImpl.invoke0(Native Method)
	at sun.reflect.NativeMethodAccessorImpl.invoke(NativeMethodAccessorImpl.java:39)
	at sun.reflect.DelegatingMethodAccessorImpl.invoke(DelegatingMethodAccessorImpl.java:25)
	at java.lang.reflect.Method.invoke(Method.java:597)
	at org.apache.maven.surefire.booter.ProviderFactory$ClassLoaderProxy.invoke(ProviderFactory.java:103)
	at $Proxy0.invoke(Unknown Source)
	at org.apache.maven.surefire.booter.SurefireStarter.invokeProvider(SurefireStarter.java:150)
	at org.apache.maven.surefire.booter.SurefireStarter.runSuitesInProcess(SurefireStarter.java:91)
	at org.apache.maven.surefire.booter.ForkedBooter.main(ForkedBooter.java:69)
]]>
            </full-stacktrace>
          </exception> <!-- org.forgerock.identity.authentication.modules.adaptivedeviceprint.model.NotUniqueUserProfileException -->
        </test-method> <!-- validateUnique -->
      </class> <!-- org.forgerock.identity.authentication.modules.adaptivedeviceprint.logic.UserProfilesDaoTest -->
      <class name="org.forgerock.identity.authentication.modules.adaptivedeviceprint.logic.UserProfilesHelperTest">
        <test-method status="PASS" signature="beforeMethod()[pri:0, instance:org.forgerock.identity.authentication.modules.adaptivedeviceprint.logic.UserProfilesHelperTest@52f6438d]" name="beforeMethod" is-config="true" duration-ms="15" started-at="2013-01-05T10:38:25Z" finished-at="2013-01-05T10:38:25Z">
        </test-method> <!-- beforeMethod -->
        <test-method status="PASS" signature="isUniqueName()[pri:0, instance:org.forgerock.identity.authentication.modules.adaptivedeviceprint.logic.UserProfilesHelperTest@52f6438d]" name="isUniqueName" duration-ms="1" started-at="2013-01-05T10:38:25Z" finished-at="2013-01-05T10:38:25Z">
        </test-method> <!-- isUniqueName -->
        <test-method status="PASS" signature="beforeMethod()[pri:0, instance:org.forgerock.identity.authentication.modules.adaptivedeviceprint.logic.UserProfilesHelperTest@52f6438d]" name="beforeMethod" is-config="true" duration-ms="1" started-at="2013-01-05T10:38:25Z" finished-at="2013-01-05T10:38:25Z">
        </test-method> <!-- beforeMethod -->
        <test-method status="PASS" signature="profileMaximumProfilesStoredQuantity()[pri:0, instance:org.forgerock.identity.authentication.modules.adaptivedeviceprint.logic.UserProfilesHelperTest@52f6438d]" name="profileMaximumProfilesStoredQuantity" duration-ms="6" started-at="2013-01-05T10:38:25Z" finished-at="2013-01-05T10:38:25Z">
        </test-method> <!-- profileMaximumProfilesStoredQuantity -->
        <test-method status="PASS" signature="beforeMethod()[pri:0, instance:org.forgerock.identity.authentication.modules.adaptivedeviceprint.logic.UserProfilesHelperTest@52f6438d]" name="beforeMethod" is-config="true" duration-ms="1" started-at="2013-01-05T10:38:25Z" finished-at="2013-01-05T10:38:25Z">
        </test-method> <!-- beforeMethod -->
        <test-method status="PASS" signature="removeOldProfiles()[pri:0, instance:org.forgerock.identity.authentication.modules.adaptivedeviceprint.logic.UserProfilesHelperTest@52f6438d]" name="removeOldProfiles" duration-ms="2" started-at="2013-01-05T10:38:25Z" finished-at="2013-01-05T10:38:25Z">
        </test-method> <!-- removeOldProfiles -->
        <test-method status="PASS" signature="beforeMethod()[pri:0, instance:org.forgerock.identity.authentication.modules.adaptivedeviceprint.logic.UserProfilesHelperTest@52f6438d]" name="beforeMethod" is-config="true" duration-ms="1" started-at="2013-01-05T10:38:25Z" finished-at="2013-01-05T10:38:25Z">
        </test-method> <!-- beforeMethod -->
        <test-method status="PASS" signature="removeOldestProfile()[pri:0, instance:org.forgerock.identity.authentication.modules.adaptivedeviceprint.logic.UserProfilesHelperTest@52f6438d]" name="removeOldestProfile" duration-ms="0" started-at="2013-01-05T10:38:25Z" finished-at="2013-01-05T10:38:25Z">
        </test-method> <!-- removeOldestProfile -->
        <test-method status="PASS" signature="saveProfile()[pri:0, instance:org.forgerock.identity.authentication.modules.adaptivedeviceprint.logic.UserProfilesHelperTest@52f6438d]" name="saveProfile" duration-ms="1" started-at="2013-01-05T10:38:25Z" finished-at="2013-01-05T10:38:25Z">
        </test-method> <!-- saveProfile -->
        <test-method status="PASS" signature="beforeMethod()[pri:0, instance:org.forgerock.identity.authentication.modules.adaptivedeviceprint.logic.UserProfilesHelperTest@52f6438d]" name="beforeMethod" is-config="true" duration-ms="0" started-at="2013-01-05T10:38:25Z" finished-at="2013-01-05T10:38:25Z">
        </test-method> <!-- beforeMethod -->
        <test-method status="PASS" signature="testGetNotExpiredProfiles()[pri:0, instance:org.forgerock.identity.authentication.modules.adaptivedeviceprint.logic.UserProfilesHelperTest@52f6438d]" name="testGetNotExpiredProfiles" duration-ms="1" started-at="2013-01-05T10:38:25Z" finished-at="2013-01-05T10:38:25Z">
        </test-method> <!-- testGetNotExpiredProfiles -->
        <test-method status="PASS" signature="beforeMethod()[pri:0, instance:org.forgerock.identity.authentication.modules.adaptivedeviceprint.logic.UserProfilesHelperTest@52f6438d]" name="beforeMethod" is-config="true" duration-ms="0" started-at="2013-01-05T10:38:25Z" finished-at="2013-01-05T10:38:25Z">
        </test-method> <!-- beforeMethod -->
      </class> <!-- org.forgerock.identity.authentication.modules.adaptivedeviceprint.logic.UserProfilesHelperTest -->
      <class name="org.forgerock.identity.authentication.modules.adaptivedeviceprint.model.DevicePrintTest">
        <test-method status="PASS" signature="equals()[pri:0, instance:org.forgerock.identity.authentication.modules.adaptivedeviceprint.model.DevicePrintTest@37eb2c1b]" name="equals" duration-ms="16" started-at="2013-01-05T10:38:24Z" finished-at="2013-01-05T10:38:24Z">
        </test-method> <!-- equals -->
        <test-method status="PASS" signature="hashcode()[pri:0, instance:org.forgerock.identity.authentication.modules.adaptivedeviceprint.model.DevicePrintTest@37eb2c1b]" name="hashcode" duration-ms="1" started-at="2013-01-05T10:38:24Z" finished-at="2013-01-05T10:38:24Z">
        </test-method> <!-- hashcode -->
      </class> <!-- org.forgerock.identity.authentication.modules.adaptivedeviceprint.model.DevicePrintTest -->
    </test> <!-- Command line test -->
  </suite> <!-- Command line suite -->
</testng-results>
