<?xml version="1.0" encoding="UTF-8"?>
<!-- Generated by org.testng.reporters.JUnitXMLReporter -->
<testsuite hostname="AllanAir" name="Command line test" tests="7" failures="0" timestamp="5 Jan 2013 18:38:36 GMT" time="0.534" errors="0">
  <testcase name="getDefaultName" time="0.055" classname="org.forgerock.identity.authentication.modules.adaptivedeviceprint.ProfileAcceptanceLogicTest"/>
  <testcase name="init" time="0.0070" classname="org.forgerock.identity.authentication.modules.adaptivedeviceprint.ProfileAcceptanceLogicTest"/>
  <testcase name="proccedInitNotSkipped" time="0.015" classname="org.forgerock.identity.authentication.modules.adaptivedeviceprint.ProfileAcceptanceLogicTest"/>
  <testcase name="proccedInitSkipped" time="0.0090" classname="org.forgerock.identity.authentication.modules.adaptivedeviceprint.ProfileAcceptanceLogicTest"/>
  <testcase name="proccedNotStoring" time="0.0010" classname="org.forgerock.identity.authentication.modules.adaptivedeviceprint.ProfileAcceptanceLogicTest"/>
  <testcase name="proccedStoring" time="0.013" classname="org.forgerock.identity.authentication.modules.adaptivedeviceprint.ProfileAcceptanceLogicTest"/>
  <testcase name="suggestedNameIsSelectedProfileName" time="0.0050" classname="org.forgerock.identity.authentication.modules.adaptivedeviceprint.ProfileAcceptanceLogicTest"/>
</testsuite> <!-- Command line test -->
