<?xml version="1.0" encoding="UTF-8" ?>
<testsuite failures="0" time="2.451" errors="0" skipped="0" tests="79" name="TestSuite">
  <properties>
[...]
</properties>
  <testcase time="0.017" classname="org.forgerock.identity.authentication.modules.adaptivedeviceprint.logic.matchingrunner.riskbased.attributematcher.matcher.AdvancedMatcherTest" name="testBothNullExactMatch"/>
  <testcase time="0.001" classname="org.forgerock.identity.authentication.modules.adaptivedeviceprint.logic.matchingrunner.riskbased.attributematcher.matcher.AdvancedMatcherTest" name="testDifferentCharsWithIgnoreVersionCharsNotExactMatch"/>
  <testcase time="0" classname="org.forgerock.identity.authentication.modules.adaptivedeviceprint.logic.matchingrunner.riskbased.attributematcher.matcher.AdvancedMatcherTest" name="testDifferentNotExactMatch"/>
  <testcase time="0" classname="org.forgerock.identity.authentication.modules.adaptivedeviceprint.logic.matchingrunner.riskbased.attributematcher.matcher.AdvancedMatcherTest" name="testDifferentNumbersNotExactMatch"/>
  <testcase time="0" classname="org.forgerock.identity.authentication.modules.adaptivedeviceprint.logic.matchingrunner.riskbased.attributematcher.matcher.AdvancedMatcherTest" name="testDifferentNumbersWithIgnoreVersionCharsExactMatch"/>
  <testcase time="0" classname="org.forgerock.identity.authentication.modules.adaptivedeviceprint.logic.matchingrunner.riskbased.attributematcher.matcher.AdvancedMatcherTest" name="testEmptyAndNullExactMatch"/>
  <testcase time="0" classname="org.forgerock.identity.authentication.modules.adaptivedeviceprint.logic.matchingrunner.riskbased.attributematcher.matcher.AdvancedMatcherTest" name="testNullAndEmptyNotExactMatch"/>
  <testcase time="0" classname="org.forgerock.identity.authentication.modules.adaptivedeviceprint.logic.matchingrunner.riskbased.attributematcher.matcher.AdvancedMatcherTest" name="testOneCharDifferentNotExactMatch"/>
  <testcase time="0.001" classname="org.forgerock.identity.authentication.modules.adaptivedeviceprint.logic.matchingrunner.riskbased.attributematcher.matcher.AdvancedMatcherTest" name="testSameExactMatch"/>
  <testcase time="0" classname="org.forgerock.identity.authentication.modules.adaptivedeviceprint.logic.marchingrunner.riskbased.AttributeComparatorTest" name="testAdditionalInfoInCurrentValue"/>
  <testcase time="0" classname="org.forgerock.identity.authentication.modules.adaptivedeviceprint.logic.marchingrunner.riskbased.AttributeComparatorTest" name="testAttributesDiffers"/>
  <testcase time="0" classname="org.forgerock.identity.authentication.modules.adaptivedeviceprint.logic.marchingrunner.riskbased.AttributeComparatorTest" name="testAttributesEqals"/>
  <testcase time="0" classname="org.forgerock.identity.authentication.modules.adaptivedeviceprint.logic.marchingrunner.riskbased.AttributeComparatorTest" name="testBothValuesNull"/>
  <testcase time="0.003" classname="org.forgerock.identity.authentication.modules.adaptivedeviceprint.logic.requiredattributes.AttributesCheckerTest" name="falseWhenIncorrectAttributeName"/>
  <testcase time="0.001" classname="org.forgerock.identity.authentication.modules.adaptivedeviceprint.logic.requiredattributes.AttributesCheckerTest" name="hasNotRequiredAttribute"/>
  <testcase time="0" classname="org.forgerock.identity.authentication.modules.adaptivedeviceprint.logic.requiredattributes.AttributesCheckerTest" name="hasRequiredAttribute"/>
  <testcase time="0.001" classname="org.forgerock.identity.authentication.modules.adaptivedeviceprint.logic.matchingrunner.riskbased.attributematcher.matcher.ColocationMatcherTest" name="testBothNullExactMatch"/>
  <testcase time="0.003" classname="org.forgerock.identity.authentication.modules.adaptivedeviceprint.logic.matchingrunner.riskbased.attributematcher.matcher.ColocationMatcherTest" name="testCalculateDistance1"/>
  <testcase time="0.001" classname="org.forgerock.identity.authentication.modules.adaptivedeviceprint.logic.matchingrunner.riskbased.attributematcher.matcher.ColocationMatcherTest" name="testCalculateDistance2"/>
  <testcase time="0" classname="org.forgerock.identity.authentication.modules.adaptivedeviceprint.logic.matchingrunner.riskbased.attributematcher.matcher.ColocationMatcherTest" name="testCalculateDistance3"/>
  <testcase time="0.001" classname="org.forgerock.identity.authentication.modules.adaptivedeviceprint.logic.matchingrunner.riskbased.attributematcher.matcher.ColocationMatcherTest" name="testCalculateDistance4"/>
  <testcase time="0" classname="org.forgerock.identity.authentication.modules.adaptivedeviceprint.logic.matchingrunner.riskbased.attributematcher.matcher.ColocationMatcherTest" name="testCurrentNullStoredNotNullNotExactMatch"/>
  <testcase time="0.001" classname="org.forgerock.identity.authentication.modules.adaptivedeviceprint.logic.matchingrunner.riskbased.attributematcher.matcher.ColocationMatcherTest" name="testNotSameNotExactMatch"/>
  <testcase time="0.001" classname="org.forgerock.identity.authentication.modules.adaptivedeviceprint.logic.matchingrunner.riskbased.attributematcher.matcher.ColocationMatcherTest" name="testSameExactMatch"/>
  <testcase time="0" classname="org.forgerock.identity.authentication.modules.adaptivedeviceprint.logic.matchingrunner.riskbased.attributematcher.matcher.ColocationMatcherTest" name="testStoredNullCurrentNotNullNotExactMatch"/>
  <testcase time="0" classname="org.forgerock.identity.authentication.modules.adaptivedeviceprint.logic.marchingrunner.riskbased.ComparisonResultComparatorTest" name="compareVariousPenaltyPointsValues"/>
  <testcase time="0.378" classname="org.forgerock.identity.authentication.modules.adaptivedeviceprint.logic.marchingrunner.riskbased.DevicePrintRiskBasedComparatorTest" name="testExactMatch"/>
  <testcase time="0.042" classname="org.forgerock.identity.authentication.modules.adaptivedeviceprint.logic.marchingrunner.riskbased.DevicePrintRiskBasedComparatorTest" name="testMissingCookie"/>
  <testcase time="0.034" classname="org.forgerock.identity.authentication.modules.adaptivedeviceprint.logic.marchingrunner.riskbased.DevicePrintRiskBasedComparatorTest" name="testModifiedCookie"/>
  <testcase time="0.038" classname="org.forgerock.identity.authentication.modules.adaptivedeviceprint.logic.marchingrunner.riskbased.DevicePrintRiskBasedComparatorTest" name="testNonExactMatch"/>
  <testcase time="0.037" classname="org.forgerock.identity.authentication.modules.adaptivedeviceprint.logic.marchingrunner.riskbased.DevicePrintRiskBasedComparatorTest" name="testNonSuccessfulWithAdditionalInfo"/>
  <testcase time="0.037" classname="org.forgerock.identity.authentication.modules.adaptivedeviceprint.logic.marchingrunner.riskbased.DevicePrintRiskBasedComparatorTest" name="testSuccessfulWithAdditionalInfo"/>
  <testcase time="0.049" classname="org.forgerock.identity.authentication.modules.adaptivedeviceprint.logic.marchingrunner.riskbased.DevicePrintRiskBasedInstalledFontsComparatorTest" name="test10And40PercentDifferentFontsWith3ItemsOr30PercentIgnore"/>
  <testcase time="0.045" classname="org.forgerock.identity.authentication.modules.adaptivedeviceprint.logic.marchingrunner.riskbased.DevicePrintRiskBasedInstalledFontsComparatorTest" name="test3DifferentFontsWith3ItemsOr30PercentIgnore"/>
  <testcase time="0.043" classname="org.forgerock.identity.authentication.modules.adaptivedeviceprint.logic.marchingrunner.riskbased.DevicePrintRiskBasedInstalledFontsComparatorTest" name="test3DifferentFontsWithoutIgnore"/>
  <testcase time="0.043" classname="org.forgerock.identity.authentication.modules.adaptivedeviceprint.logic.marchingrunner.riskbased.DevicePrintRiskBasedInstalledFontsComparatorTest" name="testBothNoFontsWithoutIgnore"/>
  <testcase time="0.03" classname="org.forgerock.identity.authentication.modules.adaptivedeviceprint.logic.marchingrunner.riskbased.DevicePrintRiskBasedInstalledFontsComparatorTest" name="testDifferentFontsWithoutIgnore"/>
  <testcase time="0.026" classname="org.forgerock.identity.authentication.modules.adaptivedeviceprint.logic.marchingrunner.riskbased.DevicePrintRiskBasedInstalledFontsComparatorTest" name="testMoreThen30PercentButLessThen3DifferencesWith3ItemsOr30PercentIgnore"/>
  <testcase time="0.036" classname="org.forgerock.identity.authentication.modules.adaptivedeviceprint.logic.marchingrunner.riskbased.DevicePrintRiskBasedInstalledFontsComparatorTest" name="testNoDifferentsInFontsWithoutIgnore"/>
  <testcase time="0.035" classname="org.forgerock.identity.authentication.modules.adaptivedeviceprint.logic.marchingrunner.riskbased.DevicePrintRiskBasedInstalledPluginsComparatorTest" name="test10And40PercentDifferentPluginsWith3ItemsOr30PercentIgnore"/>
  <testcase time="0.033" classname="org.forgerock.identity.authentication.modules.adaptivedeviceprint.logic.marchingrunner.riskbased.DevicePrintRiskBasedInstalledPluginsComparatorTest" name="test3DifferentPluginsWith3ItemsOr30PercentIgnore"/>
  <testcase time="0.029" classname="org.forgerock.identity.authentication.modules.adaptivedeviceprint.logic.marchingrunner.riskbased.DevicePrintRiskBasedInstalledPluginsComparatorTest" name="test3DifferentPluginsWithoutIgnore"/>
  <testcase time="0.014" classname="org.forgerock.identity.authentication.modules.adaptivedeviceprint.logic.marchingrunner.riskbased.DevicePrintRiskBasedInstalledPluginsComparatorTest" name="testBothNoPluginsWithoutIgnore"/>
  <testcase time="0.016" classname="org.forgerock.identity.authentication.modules.adaptivedeviceprint.logic.marchingrunner.riskbased.DevicePrintRiskBasedInstalledPluginsComparatorTest" name="testDifferentPluginsWithoutIgnore"/>
  <testcase time="0.024" classname="org.forgerock.identity.authentication.modules.adaptivedeviceprint.logic.marchingrunner.riskbased.DevicePrintRiskBasedInstalledPluginsComparatorTest" name="testMoreThen30PercentButLessThen3DifferencesWith3ItemsOr30PercentIgnore"/>
  <testcase time="0.018" classname="org.forgerock.identity.authentication.modules.adaptivedeviceprint.logic.marchingrunner.riskbased.DevicePrintRiskBasedInstalledPluginsComparatorTest" name="testNoDifferentsInPluginsWithoutIgnore"/>
  <testcase time="0.02" classname="org.forgerock.identity.authentication.modules.adaptivedeviceprint.logic.marchingrunner.riskbased.DevicePrintRiskBasedUserAgentComparatorTest" name="testDifferentUserAgentByMultipleDifferentAttributeVersionsWithIgnore"/>
  <testcase time="0.022" classname="org.forgerock.identity.authentication.modules.adaptivedeviceprint.logic.marchingrunner.riskbased.DevicePrintRiskBasedUserAgentComparatorTest" name="testDifferentUserAgentByOneDifferentAttributeVersion"/>
  <testcase time="0.014" classname="org.forgerock.identity.authentication.modules.adaptivedeviceprint.logic.marchingrunner.riskbased.DevicePrintRiskBasedUserAgentComparatorTest" name="testDifferentUserAgentByOneDifferentAttributeVersionWithIgnore"/>
  <testcase time="0.059" classname="org.forgerock.identity.authentication.modules.adaptivedeviceprint.logic.FormExtractorTest" name="aggregateDevicePrint"/>
  <testcase time="0" classname="org.forgerock.identity.authentication.modules.adaptivedeviceprint.logic.HttpHeadersExtractorTest" name="aggregateDevicePrint"/>
  <testcase time="0.001" classname="org.forgerock.identity.authentication.modules.adaptivedeviceprint.logic.matchingrunner.riskbased.attributematcher.matcher.MultiValueAttributeMatcherTest" name="testBothNullExactMatch"/>
  <testcase time="0" classname="org.forgerock.identity.authentication.modules.adaptivedeviceprint.logic.matchingrunner.riskbased.attributematcher.matcher.MultiValueAttributeMatcherTest" name="testEmptyAndNullExactMatch"/>
  <testcase time="0.001" classname="org.forgerock.identity.authentication.modules.adaptivedeviceprint.logic.matchingrunner.riskbased.attributematcher.matcher.MultiValueAttributeMatcherTest" name="testMultiValueAdditionalEmptyFieldsExactMatch"/>
  <testcase time="0.001" classname="org.forgerock.identity.authentication.modules.adaptivedeviceprint.logic.matchingrunner.riskbased.attributematcher.matcher.MultiValueAttributeMatcherTest" name="testMultiValueAllDifferentWithMax100PercentToleranceExactMatch"/>
  <testcase time="0" classname="org.forgerock.identity.authentication.modules.adaptivedeviceprint.logic.matchingrunner.riskbased.attributematcher.matcher.MultiValueAttributeMatcherTest" name="testMultiValueDifferentOrderSameExactMatch"/>
  <testcase time="0" classname="org.forgerock.identity.authentication.modules.adaptivedeviceprint.logic.matchingrunner.riskbased.attributematcher.matcher.MultiValueAttributeMatcherTest" name="testMultiValueDifferentOrderWithWhiteSpacesSameExactMatch"/>
  <testcase time="0" classname="org.forgerock.identity.authentication.modules.adaptivedeviceprint.logic.matchingrunner.riskbased.attributematcher.matcher.MultiValueAttributeMatcherTest" name="testMultiValueFirstMissingOneNotExactMatch"/>
  <testcase time="0" classname="org.forgerock.identity.authentication.modules.adaptivedeviceprint.logic.matchingrunner.riskbased.attributematcher.matcher.MultiValueAttributeMatcherTest" name="testMultiValueOneDifferentNotExactMatch"/>
  <testcase time="0" classname="org.forgerock.identity.authentication.modules.adaptivedeviceprint.logic.matchingrunner.riskbased.attributematcher.matcher.MultiValueAttributeMatcherTest" name="testMultiValueSameExactMatch"/>
  <testcase time="0.001" classname="org.forgerock.identity.authentication.modules.adaptivedeviceprint.logic.matchingrunner.riskbased.attributematcher.matcher.MultiValueAttributeMatcherTest" name="testMultiValueSecondMissingOneNotExactMatch"/>
  <testcase time="0.001" classname="org.forgerock.identity.authentication.modules.adaptivedeviceprint.logic.matchingrunner.riskbased.attributematcher.matcher.MultiValueAttributeMatcherTest" name="testMultiValueTwoOfTenDifferentNotExactMatch"/>
  <testcase time="0.001" classname="org.forgerock.identity.authentication.modules.adaptivedeviceprint.logic.matchingrunner.riskbased.attributematcher.matcher.MultiValueAttributeMatcherTest" name="testMultiValueTwoOfTenDifferentWithMax100PercentToleranceExactMatch"/>
  <testcase time="0.001" classname="org.forgerock.identity.authentication.modules.adaptivedeviceprint.logic.matchingrunner.riskbased.attributematcher.matcher.MultiValueAttributeMatcherTest" name="testMultiValueTwoOfTenDifferentWithMax10PercentToleranceNotExactMatch"/>
  <testcase time="0.001" classname="org.forgerock.identity.authentication.modules.adaptivedeviceprint.logic.matchingrunner.riskbased.attributematcher.matcher.MultiValueAttributeMatcherTest" name="testMultiValueTwoOfTenDifferentWithMax20PercentToleranceExactMatch"/>
  <testcase time="0.001" classname="org.forgerock.identity.authentication.modules.adaptivedeviceprint.logic.matchingrunner.riskbased.attributematcher.matcher.MultiValueAttributeMatcherTest" name="testMultiValueTwoOfTenDifferentWithMax30PercentToleranceExactMatch"/>
  <testcase time="0" classname="org.forgerock.identity.authentication.modules.adaptivedeviceprint.logic.matchingrunner.riskbased.attributematcher.matcher.MultiValueAttributeMatcherTest" name="testMultiValueTwoOfTenDifferentWithTolerateOneNotExactMatch"/>
  <testcase time="0" classname="org.forgerock.identity.authentication.modules.adaptivedeviceprint.logic.matchingrunner.riskbased.attributematcher.matcher.MultiValueAttributeMatcherTest" name="testMultiValueTwoOfTenDifferentWithTolerateTenNotExactMatch"/>
  <testcase time="0" classname="org.forgerock.identity.authentication.modules.adaptivedeviceprint.logic.matchingrunner.riskbased.attributematcher.matcher.MultiValueAttributeMatcherTest" name="testMultiValueTwoOfTenDifferentWithTolerateThreeNotExactMatch"/>
  <testcase time="0.001" classname="org.forgerock.identity.authentication.modules.adaptivedeviceprint.logic.matchingrunner.riskbased.attributematcher.matcher.MultiValueAttributeMatcherTest" name="testMultiValueTwoOfTenDifferentWithTolerateTwoNotExactMatch"/>
  <testcase time="0.001" classname="org.forgerock.identity.authentication.modules.adaptivedeviceprint.logic.matchingrunner.riskbased.attributematcher.matcher.MultiValueAttributeMatcherTest" name="testNullAndEmptyNotExactMatch"/>
  <testcase time="0.001" classname="org.forgerock.identity.authentication.modules.adaptivedeviceprint.logic.matchingrunner.riskbased.attributematcher.matcher.MultiValueAttributeMatcherTest" name="testSameExactMatch"/>
  <testcase time="0.005" classname="org.forgerock.identity.authentication.modules.adaptivedeviceprint.logic.PersistentCookieLogicTest" name="proceed"/>
  <testcase time="0.003" classname="org.forgerock.identity.authentication.modules.adaptivedeviceprint.logic.requiredattributes.RequiredAttributesSetTest" name="check"/>
  <testcase time="0.026" classname="org.forgerock.identity.authentication.modules.adaptivedeviceprint.logic.marchingrunner.riskbased.RiskBasedRunnerTest" name="testExactMatch"/>
  <testcase time="0.022" classname="org.forgerock.identity.authentication.modules.adaptivedeviceprint.logic.marchingrunner.riskbased.RiskBasedRunnerTest" name="testNoMatch"/>
  <testcase time="0.032" classname="org.forgerock.identity.authentication.modules.adaptivedeviceprint.logic.marchingrunner.riskbased.RiskBasedRunnerTest" name="testNoMatchAutomaticallyStoreProfile"/>
  <testcase time="0.003" classname="org.forgerock.identity.authentication.modules.adaptivedeviceprint.logic.marchingrunner.riskbased.RiskBasedRunnerTest" name="testNoProfilesStored"/>
  <testcase time="0.034" classname="org.forgerock.identity.authentication.modules.adaptivedeviceprint.logic.marchingrunner.riskbased.RiskBasedRunnerTest" name="testNonExactMatch"/>
</testsuite>