<?xml version="1.0" encoding="UTF-8"?>
<testng-results skipped="0" failed="0" total="79" passed="79">
  <reporter-output>
  </reporter-output>
  <suite name="Command line suite" duration-ms="1374" started-at="2013-01-05T10:38:32Z" finished-at="2013-01-05T10:38:33Z">
    <groups>
    </groups>
    <test name="Command line test" duration-ms="1374" started-at="2013-01-05T10:38:32Z" finished-at="2013-01-05T10:38:33Z">
      <class name="org.forgerock.identity.authentication.modules.adaptivedeviceprint.logic.FormExtractorTest">
        <test-method status="PASS" signature="aggregateDevicePrint()[pri:0, instance:org.forgerock.identity.authentication.modules.adaptivedeviceprint.logic.FormExtractorTest@10ad8659]" name="aggregateDevicePrint" duration-ms="59" started-at="2013-01-05T10:38:33Z" finished-at="2013-01-05T10:38:33Z">
        </test-method> <!-- aggregateDevicePrint -->
      </class> <!-- org.forgerock.identity.authentication.modules.adaptivedeviceprint.logic.FormExtractorTest -->
      <class name="org.forgerock.identity.authentication.modules.adaptivedeviceprint.logic.PersistentCookieLogicTest">
        <test-method status="PASS" signature="proceed()[pri:0, instance:org.forgerock.identity.authentication.modules.adaptivedeviceprint.logic.PersistentCookieLogicTest@2bd1e730]" name="proceed" duration-ms="5" started-at="2013-01-05T10:38:33Z" finished-at="2013-01-05T10:38:33Z">
        </test-method> <!-- proceed -->
      </class> <!-- org.forgerock.identity.authentication.modules.adaptivedeviceprint.logic.PersistentCookieLogicTest -->
      <class name="org.forgerock.identity.authentication.modules.adaptivedeviceprint.logic.HttpHeadersExtractorTest">
        <test-method status="PASS" signature="aggregateDevicePrint()[pri:0, instance:org.forgerock.identity.authentication.modules.adaptivedeviceprint.logic.HttpHeadersExtractorTest@671381e7]" name="aggregateDevicePrint" duration-ms="0" started-at="2013-01-05T10:38:33Z" finished-at="2013-01-05T10:38:33Z">
        </test-method> <!-- aggregateDevicePrint -->
      </class> <!-- org.forgerock.identity.authentication.modules.adaptivedeviceprint.logic.HttpHeadersExtractorTest -->
      <class name="org.forgerock.identity.authentication.modules.adaptivedeviceprint.logic.marchingrunner.riskbased.DevicePrintRiskBasedUserAgentComparatorTest">
        <test-method status="PASS" signature="testDifferentUserAgentByMultipleDifferentAttributeVersionsWithIgnore()[pri:0, instance:org.forgerock.identity.authentication.modules.adaptivedeviceprint.logic.marchingrunner.riskbased.DevicePrintRiskBasedUserAgentComparatorTest@704f459c]" name="testDifferentUserAgentByMultipleDifferentAttributeVersionsWithIgnore" duration-ms="20" started-at="2013-01-05T10:38:33Z" finished-at="2013-01-05T10:38:33Z">
        </test-method> <!-- testDifferentUserAgentByMultipleDifferentAttributeVersionsWithIgnore -->
        <test-method status="PASS" signature="testDifferentUserAgentByOneDifferentAttributeVersion()[pri:0, instance:org.forgerock.identity.authentication.modules.adaptivedeviceprint.logic.marchingrunner.riskbased.DevicePrintRiskBasedUserAgentComparatorTest@704f459c]" name="testDifferentUserAgentByOneDifferentAttributeVersion" duration-ms="22" started-at="2013-01-05T10:38:33Z" finished-at="2013-01-05T10:38:33Z">
        </test-method> <!-- testDifferentUserAgentByOneDifferentAttributeVersion -->
        <test-method status="PASS" signature="testDifferentUserAgentByOneDifferentAttributeVersionWithIgnore()[pri:0, instance:org.forgerock.identity.authentication.modules.adaptivedeviceprint.logic.marchingrunner.riskbased.DevicePrintRiskBasedUserAgentComparatorTest@704f459c]" name="testDifferentUserAgentByOneDifferentAttributeVersionWithIgnore" duration-ms="14" started-at="2013-01-05T10:38:33Z" finished-at="2013-01-05T10:38:33Z">
        </test-method> <!-- testDifferentUserAgentByOneDifferentAttributeVersionWithIgnore -->
      </class> <!-- org.forgerock.identity.authentication.modules.adaptivedeviceprint.logic.marchingrunner.riskbased.DevicePrintRiskBasedUserAgentComparatorTest -->
      <class name="org.forgerock.identity.authentication.modules.adaptivedeviceprint.logic.marchingrunner.riskbased.DevicePrintRiskBasedComparatorTest">
        <test-method status="PASS" signature="testExactMatch()[pri:0, instance:org.forgerock.identity.authentication.modules.adaptivedeviceprint.logic.marchingrunner.riskbased.DevicePrintRiskBasedComparatorTest@2f93c0cf]" name="testExactMatch" duration-ms="378" started-at="2013-01-05T10:38:32Z" finished-at="2013-01-05T10:38:32Z">
        </test-method> <!-- testExactMatch -->
        <test-method status="PASS" signature="testMissingCookie()[pri:0, instance:org.forgerock.identity.authentication.modules.adaptivedeviceprint.logic.marchingrunner.riskbased.DevicePrintRiskBasedComparatorTest@2f93c0cf]" name="testMissingCookie" duration-ms="42" started-at="2013-01-05T10:38:32Z" finished-at="2013-01-05T10:38:33Z">
        </test-method> <!-- testMissingCookie -->
        <test-method status="PASS" signature="testModifiedCookie()[pri:0, instance:org.forgerock.identity.authentication.modules.adaptivedeviceprint.logic.marchingrunner.riskbased.DevicePrintRiskBasedComparatorTest@2f93c0cf]" name="testModifiedCookie" duration-ms="34" started-at="2013-01-05T10:38:33Z" finished-at="2013-01-05T10:38:33Z">
        </test-method> <!-- testModifiedCookie -->
        <test-method status="PASS" signature="testNonExactMatch()[pri:0, instance:org.forgerock.identity.authentication.modules.adaptivedeviceprint.logic.marchingrunner.riskbased.DevicePrintRiskBasedComparatorTest@2f93c0cf]" name="testNonExactMatch" duration-ms="38" started-at="2013-01-05T10:38:33Z" finished-at="2013-01-05T10:38:33Z">
        </test-method> <!-- testNonExactMatch -->
        <test-method status="PASS" signature="testNonSuccessfulWithAdditionalInfo()[pri:0, instance:org.forgerock.identity.authentication.modules.adaptivedeviceprint.logic.marchingrunner.riskbased.DevicePrintRiskBasedComparatorTest@2f93c0cf]" name="testNonSuccessfulWithAdditionalInfo" duration-ms="37" started-at="2013-01-05T10:38:33Z" finished-at="2013-01-05T10:38:33Z">
        </test-method> <!-- testNonSuccessfulWithAdditionalInfo -->
        <test-method status="PASS" signature="testSuccessfulWithAdditionalInfo()[pri:0, instance:org.forgerock.identity.authentication.modules.adaptivedeviceprint.logic.marchingrunner.riskbased.DevicePrintRiskBasedComparatorTest@2f93c0cf]" name="testSuccessfulWithAdditionalInfo" duration-ms="38" started-at="2013-01-05T10:38:33Z" finished-at="2013-01-05T10:38:33Z">
        </test-method> <!-- testSuccessfulWithAdditionalInfo -->
      </class> <!-- org.forgerock.identity.authentication.modules.adaptivedeviceprint.logic.marchingrunner.riskbased.DevicePrintRiskBasedComparatorTest -->
      <class name="org.forgerock.identity.authentication.modules.adaptivedeviceprint.logic.requiredattributes.RequiredAttributesSetTest">
        <test-method status="PASS" signature="check()[pri:0, instance:org.forgerock.identity.authentication.modules.adaptivedeviceprint.logic.requiredattributes.RequiredAttributesSetTest@681e2ca7]" name="check" duration-ms="3" started-at="2013-01-05T10:38:33Z" finished-at="2013-01-05T10:38:33Z">
        </test-method> <!-- check -->
      </class> <!-- org.forgerock.identity.authentication.modules.adaptivedeviceprint.logic.requiredattributes.RequiredAttributesSetTest -->
      <class name="org.forgerock.identity.authentication.modules.adaptivedeviceprint.logic.matchingrunner.riskbased.attributematcher.matcher.MultiValueAttributeMatcherTest">
        <test-method status="PASS" signature="testBothNullExactMatch()[pri:0, instance:org.forgerock.identity.authentication.modules.adaptivedeviceprint.logic.matchingrunner.riskbased.attributematcher.matcher.MultiValueAttributeMatcherTest@64633e5e]" name="testBothNullExactMatch" duration-ms="0" started-at="2013-01-05T10:38:33Z" finished-at="2013-01-05T10:38:33Z">
        </test-method> <!-- testBothNullExactMatch -->
        <test-method status="PASS" signature="testEmptyAndNullExactMatch()[pri:0, instance:org.forgerock.identity.authentication.modules.adaptivedeviceprint.logic.matchingrunner.riskbased.attributematcher.matcher.MultiValueAttributeMatcherTest@64633e5e]" name="testEmptyAndNullExactMatch" duration-ms="0" started-at="2013-01-05T10:38:33Z" finished-at="2013-01-05T10:38:33Z">
        </test-method> <!-- testEmptyAndNullExactMatch -->
        <test-method status="PASS" signature="testMultiValueAdditionalEmptyFieldsExactMatch()[pri:0, instance:org.forgerock.identity.authentication.modules.adaptivedeviceprint.logic.matchingrunner.riskbased.attributematcher.matcher.MultiValueAttributeMatcherTest@64633e5e]" name="testMultiValueAdditionalEmptyFieldsExactMatch" duration-ms="1" started-at="2013-01-05T10:38:33Z" finished-at="2013-01-05T10:38:33Z">
        </test-method> <!-- testMultiValueAdditionalEmptyFieldsExactMatch -->
        <test-method status="PASS" signature="testMultiValueAllDifferentWithMax100PercentToleranceExactMatch()[pri:0, instance:org.forgerock.identity.authentication.modules.adaptivedeviceprint.logic.matchingrunner.riskbased.attributematcher.matcher.MultiValueAttributeMatcherTest@64633e5e]" name="testMultiValueAllDifferentWithMax100PercentToleranceExactMatch" duration-ms="1" started-at="2013-01-05T10:38:33Z" finished-at="2013-01-05T10:38:33Z">
        </test-method> <!-- testMultiValueAllDifferentWithMax100PercentToleranceExactMatch -->
        <test-method status="PASS" signature="testMultiValueDifferentOrderSameExactMatch()[pri:0, instance:org.forgerock.identity.authentication.modules.adaptivedeviceprint.logic.matchingrunner.riskbased.attributematcher.matcher.MultiValueAttributeMatcherTest@64633e5e]" name="testMultiValueDifferentOrderSameExactMatch" duration-ms="0" started-at="2013-01-05T10:38:33Z" finished-at="2013-01-05T10:38:33Z">
        </test-method> <!-- testMultiValueDifferentOrderSameExactMatch -->
        <test-method status="PASS" signature="testMultiValueDifferentOrderWithWhiteSpacesSameExactMatch()[pri:0, instance:org.forgerock.identity.authentication.modules.adaptivedeviceprint.logic.matchingrunner.riskbased.attributematcher.matcher.MultiValueAttributeMatcherTest@64633e5e]" name="testMultiValueDifferentOrderWithWhiteSpacesSameExactMatch" duration-ms="0" started-at="2013-01-05T10:38:33Z" finished-at="2013-01-05T10:38:33Z">
        </test-method> <!-- testMultiValueDifferentOrderWithWhiteSpacesSameExactMatch -->
        <test-method status="PASS" signature="testMultiValueFirstMissingOneNotExactMatch()[pri:0, instance:org.forgerock.identity.authentication.modules.adaptivedeviceprint.logic.matchingrunner.riskbased.attributematcher.matcher.MultiValueAttributeMatcherTest@64633e5e]" name="testMultiValueFirstMissingOneNotExactMatch" duration-ms="0" started-at="2013-01-05T10:38:33Z" finished-at="2013-01-05T10:38:33Z">
        </test-method> <!-- testMultiValueFirstMissingOneNotExactMatch -->
        <test-method status="PASS" signature="testMultiValueOneDifferentNotExactMatch()[pri:0, instance:org.forgerock.identity.authentication.modules.adaptivedeviceprint.logic.matchingrunner.riskbased.attributematcher.matcher.MultiValueAttributeMatcherTest@64633e5e]" name="testMultiValueOneDifferentNotExactMatch" duration-ms="0" started-at="2013-01-05T10:38:33Z" finished-at="2013-01-05T10:38:33Z">
        </test-method> <!-- testMultiValueOneDifferentNotExactMatch -->
        <test-method status="PASS" signature="testMultiValueSameExactMatch()[pri:0, instance:org.forgerock.identity.authentication.modules.adaptivedeviceprint.logic.matchingrunner.riskbased.attributematcher.matcher.MultiValueAttributeMatcherTest@64633e5e]" name="testMultiValueSameExactMatch" duration-ms="0" started-at="2013-01-05T10:38:33Z" finished-at="2013-01-05T10:38:33Z">
        </test-method> <!-- testMultiValueSameExactMatch -->
        <test-method status="PASS" signature="testMultiValueSecondMissingOneNotExactMatch()[pri:0, instance:org.forgerock.identity.authentication.modules.adaptivedeviceprint.logic.matchingrunner.riskbased.attributematcher.matcher.MultiValueAttributeMatcherTest@64633e5e]" name="testMultiValueSecondMissingOneNotExactMatch" duration-ms="1" started-at="2013-01-05T10:38:33Z" finished-at="2013-01-05T10:38:33Z">
        </test-method> <!-- testMultiValueSecondMissingOneNotExactMatch -->
        <test-method status="PASS" signature="testMultiValueTwoOfTenDifferentNotExactMatch()[pri:0, instance:org.forgerock.identity.authentication.modules.adaptivedeviceprint.logic.matchingrunner.riskbased.attributematcher.matcher.MultiValueAttributeMatcherTest@64633e5e]" name="testMultiValueTwoOfTenDifferentNotExactMatch" duration-ms="1" started-at="2013-01-05T10:38:33Z" finished-at="2013-01-05T10:38:33Z">
        </test-method> <!-- testMultiValueTwoOfTenDifferentNotExactMatch -->
        <test-method status="PASS" signature="testMultiValueTwoOfTenDifferentWithMax100PercentToleranceExactMatch()[pri:0, instance:org.forgerock.identity.authentication.modules.adaptivedeviceprint.logic.matchingrunner.riskbased.attributematcher.matcher.MultiValueAttributeMatcherTest@64633e5e]" name="testMultiValueTwoOfTenDifferentWithMax100PercentToleranceExactMatch" duration-ms="1" started-at="2013-01-05T10:38:33Z" finished-at="2013-01-05T10:38:33Z">
        </test-method> <!-- testMultiValueTwoOfTenDifferentWithMax100PercentToleranceExactMatch -->
        <test-method status="PASS" signature="testMultiValueTwoOfTenDifferentWithMax10PercentToleranceNotExactMatch()[pri:0, instance:org.forgerock.identity.authentication.modules.adaptivedeviceprint.logic.matchingrunner.riskbased.attributematcher.matcher.MultiValueAttributeMatcherTest@64633e5e]" name="testMultiValueTwoOfTenDifferentWithMax10PercentToleranceNotExactMatch" duration-ms="1" started-at="2013-01-05T10:38:33Z" finished-at="2013-01-05T10:38:33Z">
        </test-method> <!-- testMultiValueTwoOfTenDifferentWithMax10PercentToleranceNotExactMatch -->
        <test-method status="PASS" signature="testMultiValueTwoOfTenDifferentWithMax20PercentToleranceExactMatch()[pri:0, instance:org.forgerock.identity.authentication.modules.adaptivedeviceprint.logic.matchingrunner.riskbased.attributematcher.matcher.MultiValueAttributeMatcherTest@64633e5e]" name="testMultiValueTwoOfTenDifferentWithMax20PercentToleranceExactMatch" duration-ms="1" started-at="2013-01-05T10:38:33Z" finished-at="2013-01-05T10:38:33Z">
        </test-method> <!-- testMultiValueTwoOfTenDifferentWithMax20PercentToleranceExactMatch -->
        <test-method status="PASS" signature="testMultiValueTwoOfTenDifferentWithMax30PercentToleranceExactMatch()[pri:0, instance:org.forgerock.identity.authentication.modules.adaptivedeviceprint.logic.matchingrunner.riskbased.attributematcher.matcher.MultiValueAttributeMatcherTest@64633e5e]" name="testMultiValueTwoOfTenDifferentWithMax30PercentToleranceExactMatch" duration-ms="1" started-at="2013-01-05T10:38:33Z" finished-at="2013-01-05T10:38:33Z">
        </test-method> <!-- testMultiValueTwoOfTenDifferentWithMax30PercentToleranceExactMatch -->
        <test-method status="PASS" signature="testMultiValueTwoOfTenDifferentWithTolerateOneNotExactMatch()[pri:0, instance:org.forgerock.identity.authentication.modules.adaptivedeviceprint.logic.matchingrunner.riskbased.attributematcher.matcher.MultiValueAttributeMatcherTest@64633e5e]" name="testMultiValueTwoOfTenDifferentWithTolerateOneNotExactMatch" duration-ms="0" started-at="2013-01-05T10:38:33Z" finished-at="2013-01-05T10:38:33Z">
        </test-method> <!-- testMultiValueTwoOfTenDifferentWithTolerateOneNotExactMatch -->
        <test-method status="PASS" signature="testMultiValueTwoOfTenDifferentWithTolerateTenNotExactMatch()[pri:0, instance:org.forgerock.identity.authentication.modules.adaptivedeviceprint.logic.matchingrunner.riskbased.attributematcher.matcher.MultiValueAttributeMatcherTest@64633e5e]" name="testMultiValueTwoOfTenDifferentWithTolerateTenNotExactMatch" duration-ms="0" started-at="2013-01-05T10:38:33Z" finished-at="2013-01-05T10:38:33Z">
        </test-method> <!-- testMultiValueTwoOfTenDifferentWithTolerateTenNotExactMatch -->
        <test-method status="PASS" signature="testMultiValueTwoOfTenDifferentWithTolerateThreeNotExactMatch()[pri:0, instance:org.forgerock.identity.authentication.modules.adaptivedeviceprint.logic.matchingrunner.riskbased.attributematcher.matcher.MultiValueAttributeMatcherTest@64633e5e]" name="testMultiValueTwoOfTenDifferentWithTolerateThreeNotExactMatch" duration-ms="0" started-at="2013-01-05T10:38:33Z" finished-at="2013-01-05T10:38:33Z">
        </test-method> <!-- testMultiValueTwoOfTenDifferentWithTolerateThreeNotExactMatch -->
        <test-method status="PASS" signature="testMultiValueTwoOfTenDifferentWithTolerateTwoNotExactMatch()[pri:0, instance:org.forgerock.identity.authentication.modules.adaptivedeviceprint.logic.matchingrunner.riskbased.attributematcher.matcher.MultiValueAttributeMatcherTest@64633e5e]" name="testMultiValueTwoOfTenDifferentWithTolerateTwoNotExactMatch" duration-ms="1" started-at="2013-01-05T10:38:33Z" finished-at="2013-01-05T10:38:33Z">
        </test-method> <!-- testMultiValueTwoOfTenDifferentWithTolerateTwoNotExactMatch -->
        <test-method status="PASS" signature="testNullAndEmptyNotExactMatch()[pri:0, instance:org.forgerock.identity.authentication.modules.adaptivedeviceprint.logic.matchingrunner.riskbased.attributematcher.matcher.MultiValueAttributeMatcherTest@64633e5e]" name="testNullAndEmptyNotExactMatch" duration-ms="1" started-at="2013-01-05T10:38:33Z" finished-at="2013-01-05T10:38:33Z">
        </test-method> <!-- testNullAndEmptyNotExactMatch -->
        <test-method status="PASS" signature="testSameExactMatch()[pri:0, instance:org.forgerock.identity.authentication.modules.adaptivedeviceprint.logic.matchingrunner.riskbased.attributematcher.matcher.MultiValueAttributeMatcherTest@64633e5e]" name="testSameExactMatch" duration-ms="1" started-at="2013-01-05T10:38:33Z" finished-at="2013-01-05T10:38:33Z">
        </test-method> <!-- testSameExactMatch -->
      </class> <!-- org.forgerock.identity.authentication.modules.adaptivedeviceprint.logic.matchingrunner.riskbased.attributematcher.matcher.MultiValueAttributeMatcherTest -->
      <class name="org.forgerock.identity.authentication.modules.adaptivedeviceprint.logic.matchingrunner.riskbased.attributematcher.matcher.ColocationMatcherTest">
        <test-method status="PASS" signature="testBothNullExactMatch()[pri:0, instance:org.forgerock.identity.authentication.modules.adaptivedeviceprint.logic.matchingrunner.riskbased.attributematcher.matcher.ColocationMatcherTest@6c4fc156]" name="testBothNullExactMatch" duration-ms="1" started-at="2013-01-05T10:38:32Z" finished-at="2013-01-05T10:38:32Z">
        </test-method> <!-- testBothNullExactMatch -->
        <test-method status="PASS" signature="testCalculateDistance1()[pri:0, instance:org.forgerock.identity.authentication.modules.adaptivedeviceprint.logic.matchingrunner.riskbased.attributematcher.matcher.ColocationMatcherTest@6c4fc156]" name="testCalculateDistance1" duration-ms="3" started-at="2013-01-05T10:38:32Z" finished-at="2013-01-05T10:38:32Z">
        </test-method> <!-- testCalculateDistance1 -->
        <test-method status="PASS" signature="testCalculateDistance2()[pri:0, instance:org.forgerock.identity.authentication.modules.adaptivedeviceprint.logic.matchingrunner.riskbased.attributematcher.matcher.ColocationMatcherTest@6c4fc156]" name="testCalculateDistance2" duration-ms="1" started-at="2013-01-05T10:38:32Z" finished-at="2013-01-05T10:38:32Z">
        </test-method> <!-- testCalculateDistance2 -->
        <test-method status="PASS" signature="testCalculateDistance3()[pri:0, instance:org.forgerock.identity.authentication.modules.adaptivedeviceprint.logic.matchingrunner.riskbased.attributematcher.matcher.ColocationMatcherTest@6c4fc156]" name="testCalculateDistance3" duration-ms="0" started-at="2013-01-05T10:38:32Z" finished-at="2013-01-05T10:38:32Z">
        </test-method> <!-- testCalculateDistance3 -->
        <test-method status="PASS" signature="testCalculateDistance4()[pri:0, instance:org.forgerock.identity.authentication.modules.adaptivedeviceprint.logic.matchingrunner.riskbased.attributematcher.matcher.ColocationMatcherTest@6c4fc156]" name="testCalculateDistance4" duration-ms="1" started-at="2013-01-05T10:38:32Z" finished-at="2013-01-05T10:38:32Z">
        </test-method> <!-- testCalculateDistance4 -->
        <test-method status="PASS" signature="testCurrentNullStoredNotNullNotExactMatch()[pri:0, instance:org.forgerock.identity.authentication.modules.adaptivedeviceprint.logic.matchingrunner.riskbased.attributematcher.matcher.ColocationMatcherTest@6c4fc156]" name="testCurrentNullStoredNotNullNotExactMatch" duration-ms="0" started-at="2013-01-05T10:38:32Z" finished-at="2013-01-05T10:38:32Z">
        </test-method> <!-- testCurrentNullStoredNotNullNotExactMatch -->
        <test-method status="PASS" signature="testNotSameNotExactMatch()[pri:0, instance:org.forgerock.identity.authentication.modules.adaptivedeviceprint.logic.matchingrunner.riskbased.attributematcher.matcher.ColocationMatcherTest@6c4fc156]" name="testNotSameNotExactMatch" duration-ms="1" started-at="2013-01-05T10:38:32Z" finished-at="2013-01-05T10:38:32Z">
        </test-method> <!-- testNotSameNotExactMatch -->
        <test-method status="PASS" signature="testSameExactMatch()[pri:0, instance:org.forgerock.identity.authentication.modules.adaptivedeviceprint.logic.matchingrunner.riskbased.attributematcher.matcher.ColocationMatcherTest@6c4fc156]" name="testSameExactMatch" duration-ms="1" started-at="2013-01-05T10:38:32Z" finished-at="2013-01-05T10:38:32Z">
        </test-method> <!-- testSameExactMatch -->
        <test-method status="PASS" signature="testStoredNullCurrentNotNullNotExactMatch()[pri:0, instance:org.forgerock.identity.authentication.modules.adaptivedeviceprint.logic.matchingrunner.riskbased.attributematcher.matcher.ColocationMatcherTest@6c4fc156]" name="testStoredNullCurrentNotNullNotExactMatch" duration-ms="0" started-at="2013-01-05T10:38:32Z" finished-at="2013-01-05T10:38:32Z">
        </test-method> <!-- testStoredNullCurrentNotNullNotExactMatch -->
      </class> <!-- org.forgerock.identity.authentication.modules.adaptivedeviceprint.logic.matchingrunner.riskbased.attributematcher.matcher.ColocationMatcherTest -->
      <class name="org.forgerock.identity.authentication.modules.adaptivedeviceprint.logic.marchingrunner.riskbased.DevicePrintRiskBasedInstalledFontsComparatorTest">
        <test-method status="PASS" signature="test10And40PercentDifferentFontsWith3ItemsOr30PercentIgnore()[pri:0, instance:org.forgerock.identity.authentication.modules.adaptivedeviceprint.logic.marchingrunner.riskbased.DevicePrintRiskBasedInstalledFontsComparatorTest@d576e70]" name="test10And40PercentDifferentFontsWith3ItemsOr30PercentIgnore" duration-ms="49" started-at="2013-01-05T10:38:33Z" finished-at="2013-01-05T10:38:33Z">
        </test-method> <!-- test10And40PercentDifferentFontsWith3ItemsOr30PercentIgnore -->
        <test-method status="PASS" signature="test3DifferentFontsWith3ItemsOr30PercentIgnore()[pri:0, instance:org.forgerock.identity.authentication.modules.adaptivedeviceprint.logic.marchingrunner.riskbased.DevicePrintRiskBasedInstalledFontsComparatorTest@d576e70]" name="test3DifferentFontsWith3ItemsOr30PercentIgnore" duration-ms="45" started-at="2013-01-05T10:38:33Z" finished-at="2013-01-05T10:38:33Z">
        </test-method> <!-- test3DifferentFontsWith3ItemsOr30PercentIgnore -->
        <test-method status="PASS" signature="test3DifferentFontsWithoutIgnore()[pri:0, instance:org.forgerock.identity.authentication.modules.adaptivedeviceprint.logic.marchingrunner.riskbased.DevicePrintRiskBasedInstalledFontsComparatorTest@d576e70]" name="test3DifferentFontsWithoutIgnore" duration-ms="43" started-at="2013-01-05T10:38:33Z" finished-at="2013-01-05T10:38:33Z">
        </test-method> <!-- test3DifferentFontsWithoutIgnore -->
        <test-method status="PASS" signature="testBothNoFontsWithoutIgnore()[pri:0, instance:org.forgerock.identity.authentication.modules.adaptivedeviceprint.logic.marchingrunner.riskbased.DevicePrintRiskBasedInstalledFontsComparatorTest@d576e70]" name="testBothNoFontsWithoutIgnore" duration-ms="43" started-at="2013-01-05T10:38:33Z" finished-at="2013-01-05T10:38:33Z">
        </test-method> <!-- testBothNoFontsWithoutIgnore -->
        <test-method status="PASS" signature="testDifferentFontsWithoutIgnore()[pri:0, instance:org.forgerock.identity.authentication.modules.adaptivedeviceprint.logic.marchingrunner.riskbased.DevicePrintRiskBasedInstalledFontsComparatorTest@d576e70]" name="testDifferentFontsWithoutIgnore" duration-ms="30" started-at="2013-01-05T10:38:33Z" finished-at="2013-01-05T10:38:33Z">
        </test-method> <!-- testDifferentFontsWithoutIgnore -->
        <test-method status="PASS" signature="testMoreThen30PercentButLessThen3DifferencesWith3ItemsOr30PercentIgnore()[pri:0, instance:org.forgerock.identity.authentication.modules.adaptivedeviceprint.logic.marchingrunner.riskbased.DevicePrintRiskBasedInstalledFontsComparatorTest@d576e70]" name="testMoreThen30PercentButLessThen3DifferencesWith3ItemsOr30PercentIgnore" duration-ms="26" started-at="2013-01-05T10:38:33Z" finished-at="2013-01-05T10:38:33Z">
        </test-method> <!-- testMoreThen30PercentButLessThen3DifferencesWith3ItemsOr30PercentIgnore -->
        <test-method status="PASS" signature="testNoDifferentsInFontsWithoutIgnore()[pri:0, instance:org.forgerock.identity.authentication.modules.adaptivedeviceprint.logic.marchingrunner.riskbased.DevicePrintRiskBasedInstalledFontsComparatorTest@d576e70]" name="testNoDifferentsInFontsWithoutIgnore" duration-ms="37" started-at="2013-01-05T10:38:33Z" finished-at="2013-01-05T10:38:33Z">
        </test-method> <!-- testNoDifferentsInFontsWithoutIgnore -->
      </class> <!-- org.forgerock.identity.authentication.modules.adaptivedeviceprint.logic.marchingrunner.riskbased.DevicePrintRiskBasedInstalledFontsComparatorTest -->
      <class name="org.forgerock.identity.authentication.modules.adaptivedeviceprint.logic.requiredattributes.AttributesCheckerTest">
        <test-method status="PASS" signature="beforeMethod()[pri:0, instance:org.forgerock.identity.authentication.modules.adaptivedeviceprint.logic.requiredattributes.AttributesCheckerTest@61a116c9]" name="beforeMethod" is-config="true" duration-ms="2" started-at="2013-01-05T10:38:32Z" finished-at="2013-01-05T10:38:32Z">
        </test-method> <!-- beforeMethod -->
        <test-method status="PASS" signature="falseWhenIncorrectAttributeName()[pri:0, instance:org.forgerock.identity.authentication.modules.adaptivedeviceprint.logic.requiredattributes.AttributesCheckerTest@61a116c9]" name="falseWhenIncorrectAttributeName" duration-ms="3" started-at="2013-01-05T10:38:32Z" finished-at="2013-01-05T10:38:32Z">
        </test-method> <!-- falseWhenIncorrectAttributeName -->
        <test-method status="PASS" signature="beforeMethod()[pri:0, instance:org.forgerock.identity.authentication.modules.adaptivedeviceprint.logic.requiredattributes.AttributesCheckerTest@61a116c9]" name="beforeMethod" is-config="true" duration-ms="0" started-at="2013-01-05T10:38:32Z" finished-at="2013-01-05T10:38:32Z">
        </test-method> <!-- beforeMethod -->
        <test-method status="PASS" signature="hasNotRequiredAttribute()[pri:0, instance:org.forgerock.identity.authentication.modules.adaptivedeviceprint.logic.requiredattributes.AttributesCheckerTest@61a116c9]" name="hasNotRequiredAttribute" duration-ms="1" started-at="2013-01-05T10:38:32Z" finished-at="2013-01-05T10:38:32Z">
        </test-method> <!-- hasNotRequiredAttribute -->
        <test-method status="PASS" signature="beforeMethod()[pri:0, instance:org.forgerock.identity.authentication.modules.adaptivedeviceprint.logic.requiredattributes.AttributesCheckerTest@61a116c9]" name="beforeMethod" is-config="true" duration-ms="0" started-at="2013-01-05T10:38:32Z" finished-at="2013-01-05T10:38:32Z">
        </test-method> <!-- beforeMethod -->
        <test-method status="PASS" signature="hasRequiredAttribute()[pri:0, instance:org.forgerock.identity.authentication.modules.adaptivedeviceprint.logic.requiredattributes.AttributesCheckerTest@61a116c9]" name="hasRequiredAttribute" duration-ms="0" started-at="2013-01-05T10:38:32Z" finished-at="2013-01-05T10:38:32Z">
        </test-method> <!-- hasRequiredAttribute -->
      </class> <!-- org.forgerock.identity.authentication.modules.adaptivedeviceprint.logic.requiredattributes.AttributesCheckerTest -->
      <class name="org.forgerock.identity.authentication.modules.adaptivedeviceprint.logic.marchingrunner.riskbased.AttributeComparatorTest">
        <test-method status="PASS" signature="testAdditionalInfoInCurrentValue()[pri:0, instance:org.forgerock.identity.authentication.modules.adaptivedeviceprint.logic.marchingrunner.riskbased.AttributeComparatorTest@66e64686]" name="testAdditionalInfoInCurrentValue" duration-ms="0" started-at="2013-01-05T10:38:32Z" finished-at="2013-01-05T10:38:32Z">
        </test-method> <!-- testAdditionalInfoInCurrentValue -->
        <test-method status="PASS" signature="testAttributesDiffers()[pri:0, instance:org.forgerock.identity.authentication.modules.adaptivedeviceprint.logic.marchingrunner.riskbased.AttributeComparatorTest@66e64686]" name="testAttributesDiffers" duration-ms="0" started-at="2013-01-05T10:38:32Z" finished-at="2013-01-05T10:38:32Z">
        </test-method> <!-- testAttributesDiffers -->
        <test-method status="PASS" signature="testBothValuesNull()[pri:0, instance:org.forgerock.identity.authentication.modules.adaptivedeviceprint.logic.marchingrunner.riskbased.AttributeComparatorTest@66e64686]" name="testBothValuesNull" duration-ms="0" started-at="2013-01-05T10:38:32Z" finished-at="2013-01-05T10:38:32Z">
        </test-method> <!-- testBothValuesNull -->
        <test-method status="PASS" signature="testAttributesEqals()[pri:0, instance:org.forgerock.identity.authentication.modules.adaptivedeviceprint.logic.marchingrunner.riskbased.AttributeComparatorTest@66e64686]" name="testAttributesEqals" duration-ms="0" started-at="2013-01-05T10:38:32Z" finished-at="2013-01-05T10:38:32Z">
        </test-method> <!-- testAttributesEqals -->
      </class> <!-- org.forgerock.identity.authentication.modules.adaptivedeviceprint.logic.marchingrunner.riskbased.AttributeComparatorTest -->
      <class name="org.forgerock.identity.authentication.modules.adaptivedeviceprint.logic.marchingrunner.riskbased.DevicePrintRiskBasedInstalledPluginsComparatorTest">
        <test-method status="PASS" signature="test10And40PercentDifferentPluginsWith3ItemsOr30PercentIgnore()[pri:0, instance:org.forgerock.identity.authentication.modules.adaptivedeviceprint.logic.marchingrunner.riskbased.DevicePrintRiskBasedInstalledPluginsComparatorTest@16df1832]" name="test10And40PercentDifferentPluginsWith3ItemsOr30PercentIgnore" duration-ms="35" started-at="2013-01-05T10:38:33Z" finished-at="2013-01-05T10:38:33Z">
        </test-method> <!-- test10And40PercentDifferentPluginsWith3ItemsOr30PercentIgnore -->
        <test-method status="PASS" signature="test3DifferentPluginsWith3ItemsOr30PercentIgnore()[pri:0, instance:org.forgerock.identity.authentication.modules.adaptivedeviceprint.logic.marchingrunner.riskbased.DevicePrintRiskBasedInstalledPluginsComparatorTest@16df1832]" name="test3DifferentPluginsWith3ItemsOr30PercentIgnore" duration-ms="33" started-at="2013-01-05T10:38:33Z" finished-at="2013-01-05T10:38:33Z">
        </test-method> <!-- test3DifferentPluginsWith3ItemsOr30PercentIgnore -->
        <test-method status="PASS" signature="test3DifferentPluginsWithoutIgnore()[pri:0, instance:org.forgerock.identity.authentication.modules.adaptivedeviceprint.logic.marchingrunner.riskbased.DevicePrintRiskBasedInstalledPluginsComparatorTest@16df1832]" name="test3DifferentPluginsWithoutIgnore" duration-ms="29" started-at="2013-01-05T10:38:33Z" finished-at="2013-01-05T10:38:33Z">
        </test-method> <!-- test3DifferentPluginsWithoutIgnore -->
        <test-method status="PASS" signature="testBothNoPluginsWithoutIgnore()[pri:0, instance:org.forgerock.identity.authentication.modules.adaptivedeviceprint.logic.marchingrunner.riskbased.DevicePrintRiskBasedInstalledPluginsComparatorTest@16df1832]" name="testBothNoPluginsWithoutIgnore" duration-ms="15" started-at="2013-01-05T10:38:33Z" finished-at="2013-01-05T10:38:33Z">
        </test-method> <!-- testBothNoPluginsWithoutIgnore -->
        <test-method status="PASS" signature="testDifferentPluginsWithoutIgnore()[pri:0, instance:org.forgerock.identity.authentication.modules.adaptivedeviceprint.logic.marchingrunner.riskbased.DevicePrintRiskBasedInstalledPluginsComparatorTest@16df1832]" name="testDifferentPluginsWithoutIgnore" duration-ms="16" started-at="2013-01-05T10:38:33Z" finished-at="2013-01-05T10:38:33Z">
        </test-method> <!-- testDifferentPluginsWithoutIgnore -->
        <test-method status="PASS" signature="testMoreThen30PercentButLessThen3DifferencesWith3ItemsOr30PercentIgnore()[pri:0, instance:org.forgerock.identity.authentication.modules.adaptivedeviceprint.logic.marchingrunner.riskbased.DevicePrintRiskBasedInstalledPluginsComparatorTest@16df1832]" name="testMoreThen30PercentButLessThen3DifferencesWith3ItemsOr30PercentIgnore" duration-ms="24" started-at="2013-01-05T10:38:33Z" finished-at="2013-01-05T10:38:33Z">
        </test-method> <!-- testMoreThen30PercentButLessThen3DifferencesWith3ItemsOr30PercentIgnore -->
        <test-method status="PASS" signature="testNoDifferentsInPluginsWithoutIgnore()[pri:0, instance:org.forgerock.identity.authentication.modules.adaptivedeviceprint.logic.marchingrunner.riskbased.DevicePrintRiskBasedInstalledPluginsComparatorTest@16df1832]" name="testNoDifferentsInPluginsWithoutIgnore" duration-ms="18" started-at="2013-01-05T10:38:33Z" finished-at="2013-01-05T10:38:33Z">
        </test-method> <!-- testNoDifferentsInPluginsWithoutIgnore -->
      </class> <!-- org.forgerock.identity.authentication.modules.adaptivedeviceprint.logic.marchingrunner.riskbased.DevicePrintRiskBasedInstalledPluginsComparatorTest -->
      <class name="org.forgerock.identity.authentication.modules.adaptivedeviceprint.logic.matchingrunner.riskbased.attributematcher.matcher.AdvancedMatcherTest">
        <test-method status="PASS" signature="testBothNullExactMatch()[pri:0, instance:org.forgerock.identity.authentication.modules.adaptivedeviceprint.logic.matchingrunner.riskbased.attributematcher.matcher.AdvancedMatcherTest@1505bd58]" name="testBothNullExactMatch" duration-ms="18" started-at="2013-01-05T10:38:32Z" finished-at="2013-01-05T10:38:32Z">
        </test-method> <!-- testBothNullExactMatch -->
        <test-method status="PASS" signature="testDifferentCharsWithIgnoreVersionCharsNotExactMatch()[pri:0, instance:org.forgerock.identity.authentication.modules.adaptivedeviceprint.logic.matchingrunner.riskbased.attributematcher.matcher.AdvancedMatcherTest@1505bd58]" name="testDifferentCharsWithIgnoreVersionCharsNotExactMatch" duration-ms="1" started-at="2013-01-05T10:38:32Z" finished-at="2013-01-05T10:38:32Z">
        </test-method> <!-- testDifferentCharsWithIgnoreVersionCharsNotExactMatch -->
        <test-method status="PASS" signature="testDifferentNotExactMatch()[pri:0, instance:org.forgerock.identity.authentication.modules.adaptivedeviceprint.logic.matchingrunner.riskbased.attributematcher.matcher.AdvancedMatcherTest@1505bd58]" name="testDifferentNotExactMatch" duration-ms="0" started-at="2013-01-05T10:38:32Z" finished-at="2013-01-05T10:38:32Z">
        </test-method> <!-- testDifferentNotExactMatch -->
        <test-method status="PASS" signature="testDifferentNumbersNotExactMatch()[pri:0, instance:org.forgerock.identity.authentication.modules.adaptivedeviceprint.logic.matchingrunner.riskbased.attributematcher.matcher.AdvancedMatcherTest@1505bd58]" name="testDifferentNumbersNotExactMatch" duration-ms="0" started-at="2013-01-05T10:38:32Z" finished-at="2013-01-05T10:38:32Z">
        </test-method> <!-- testDifferentNumbersNotExactMatch -->
        <test-method status="PASS" signature="testEmptyAndNullExactMatch()[pri:0, instance:org.forgerock.identity.authentication.modules.adaptivedeviceprint.logic.matchingrunner.riskbased.attributematcher.matcher.AdvancedMatcherTest@1505bd58]" name="testEmptyAndNullExactMatch" duration-ms="1" started-at="2013-01-05T10:38:32Z" finished-at="2013-01-05T10:38:32Z">
        </test-method> <!-- testEmptyAndNullExactMatch -->
        <test-method status="PASS" signature="testDifferentNumbersWithIgnoreVersionCharsExactMatch()[pri:0, instance:org.forgerock.identity.authentication.modules.adaptivedeviceprint.logic.matchingrunner.riskbased.attributematcher.matcher.AdvancedMatcherTest@1505bd58]" name="testDifferentNumbersWithIgnoreVersionCharsExactMatch" duration-ms="0" started-at="2013-01-05T10:38:32Z" finished-at="2013-01-05T10:38:32Z">
        </test-method> <!-- testDifferentNumbersWithIgnoreVersionCharsExactMatch -->
        <test-method status="PASS" signature="testNullAndEmptyNotExactMatch()[pri:0, instance:org.forgerock.identity.authentication.modules.adaptivedeviceprint.logic.matchingrunner.riskbased.attributematcher.matcher.AdvancedMatcherTest@1505bd58]" name="testNullAndEmptyNotExactMatch" duration-ms="0" started-at="2013-01-05T10:38:32Z" finished-at="2013-01-05T10:38:32Z">
        </test-method> <!-- testNullAndEmptyNotExactMatch -->
        <test-method status="PASS" signature="testOneCharDifferentNotExactMatch()[pri:0, instance:org.forgerock.identity.authentication.modules.adaptivedeviceprint.logic.matchingrunner.riskbased.attributematcher.matcher.AdvancedMatcherTest@1505bd58]" name="testOneCharDifferentNotExactMatch" duration-ms="0" started-at="2013-01-05T10:38:32Z" finished-at="2013-01-05T10:38:32Z">
        </test-method> <!-- testOneCharDifferentNotExactMatch -->
        <test-method status="PASS" signature="testSameExactMatch()[pri:0, instance:org.forgerock.identity.authentication.modules.adaptivedeviceprint.logic.matchingrunner.riskbased.attributematcher.matcher.AdvancedMatcherTest@1505bd58]" name="testSameExactMatch" duration-ms="1" started-at="2013-01-05T10:38:32Z" finished-at="2013-01-05T10:38:32Z">
        </test-method> <!-- testSameExactMatch -->
      </class> <!-- org.forgerock.identity.authentication.modules.adaptivedeviceprint.logic.matchingrunner.riskbased.attributematcher.matcher.AdvancedMatcherTest -->
      <class name="org.forgerock.identity.authentication.modules.adaptivedeviceprint.logic.marchingrunner.riskbased.ComparisonResultComparatorTest">
        <test-method status="PASS" signature="compareVariousPenaltyPointsValues()[pri:0, instance:org.forgerock.identity.authentication.modules.adaptivedeviceprint.logic.marchingrunner.riskbased.ComparisonResultComparatorTest@31b5998f]" name="compareVariousPenaltyPointsValues" duration-ms="0" started-at="2013-01-05T10:38:32Z" finished-at="2013-01-05T10:38:32Z">
        </test-method> <!-- compareVariousPenaltyPointsValues -->
      </class> <!-- org.forgerock.identity.authentication.modules.adaptivedeviceprint.logic.marchingrunner.riskbased.ComparisonResultComparatorTest -->
      <class name="org.forgerock.identity.authentication.modules.adaptivedeviceprint.logic.marchingrunner.riskbased.RiskBasedRunnerTest">
        <test-method status="PASS" signature="initCut()[pri:0, instance:org.forgerock.identity.authentication.modules.adaptivedeviceprint.logic.marchingrunner.riskbased.RiskBasedRunnerTest@18203c31]" name="initCut" is-config="true" duration-ms="8" started-at="2013-01-05T10:38:33Z" finished-at="2013-01-05T10:38:33Z">
        </test-method> <!-- initCut -->
        <test-method status="PASS" signature="testExactMatch()[pri:0, instance:org.forgerock.identity.authentication.modules.adaptivedeviceprint.logic.marchingrunner.riskbased.RiskBasedRunnerTest@18203c31]" name="testExactMatch" duration-ms="26" started-at="2013-01-05T10:38:33Z" finished-at="2013-01-05T10:38:33Z">
        </test-method> <!-- testExactMatch -->
        <test-method status="PASS" signature="testNoMatch()[pri:0, instance:org.forgerock.identity.authentication.modules.adaptivedeviceprint.logic.marchingrunner.riskbased.RiskBasedRunnerTest@18203c31]" name="testNoMatch" duration-ms="21" started-at="2013-01-05T10:38:33Z" finished-at="2013-01-05T10:38:33Z">
        </test-method> <!-- testNoMatch -->
        <test-method status="PASS" signature="testNoMatchAutomaticallyStoreProfile()[pri:0, instance:org.forgerock.identity.authentication.modules.adaptivedeviceprint.logic.marchingrunner.riskbased.RiskBasedRunnerTest@18203c31]" name="testNoMatchAutomaticallyStoreProfile" duration-ms="32" started-at="2013-01-05T10:38:33Z" finished-at="2013-01-05T10:38:33Z">
        </test-method> <!-- testNoMatchAutomaticallyStoreProfile -->
        <test-method status="PASS" signature="testNoProfilesStored()[pri:0, instance:org.forgerock.identity.authentication.modules.adaptivedeviceprint.logic.marchingrunner.riskbased.RiskBasedRunnerTest@18203c31]" name="testNoProfilesStored" duration-ms="3" started-at="2013-01-05T10:38:33Z" finished-at="2013-01-05T10:38:33Z">
        </test-method> <!-- testNoProfilesStored -->
        <test-method status="PASS" signature="testNonExactMatch()[pri:0, instance:org.forgerock.identity.authentication.modules.adaptivedeviceprint.logic.marchingrunner.riskbased.RiskBasedRunnerTest@18203c31]" name="testNonExactMatch" duration-ms="34" started-at="2013-01-05T10:38:33Z" finished-at="2013-01-05T10:38:33Z">
        </test-method> <!-- testNonExactMatch -->
      </class> <!-- org.forgerock.identity.authentication.modules.adaptivedeviceprint.logic.marchingrunner.riskbased.RiskBasedRunnerTest -->
    </test> <!-- Command line test -->
  </suite> <!-- Command line suite -->
</testng-results>
