<?xml version="1.0" encoding="UTF-8"?>
<!-- Generated by org.testng.reporters.JUnitXMLReporter -->
<testsuite hostname="AllanAir" name="Command line test" tests="15" failures="0" timestamp="5 Jan 2013 18:38:25 GMT" time="1.023" errors="0">
  <testcase name="equals" time="0.016" classname="org.forgerock.identity.authentication.modules.adaptivedeviceprint.model.DevicePrintTest"/>
  <testcase name="hashcode" time="0.0010" classname="org.forgerock.identity.authentication.modules.adaptivedeviceprint.model.DevicePrintTest"/>
  <testcase name="getUserProfileByName" time="0.328" classname="org.forgerock.identity.authentication.modules.adaptivedeviceprint.logic.UserProfilesDaoTest"/>
  <testcase name="init" time="0.509" classname="org.forgerock.identity.authentication.modules.adaptivedeviceprint.logic.UserProfilesDaoTest"/>
  <testcase name="manageProfiles" time="0.0010" classname="org.forgerock.identity.authentication.modules.adaptivedeviceprint.logic.UserProfilesDaoTest"/>
  <testcase name="saveProfiles" time="0.099" classname="org.forgerock.identity.authentication.modules.adaptivedeviceprint.logic.UserProfilesDaoTest"/>
  <testcase name="validate" time="0.0" classname="org.forgerock.identity.authentication.modules.adaptivedeviceprint.logic.UserProfilesDaoTest"/>
  <testcase name="validateEmpty" time="0.0" classname="org.forgerock.identity.authentication.modules.adaptivedeviceprint.logic.UserProfilesDaoTest"/>
  <testcase name="validateUnique" time="0.0" classname="org.forgerock.identity.authentication.modules.adaptivedeviceprint.logic.UserProfilesDaoTest"/>
  <testcase name="isUniqueName" time="0.0010" classname="org.forgerock.identity.authentication.modules.adaptivedeviceprint.logic.UserProfilesHelperTest"/>
  <testcase name="profileMaximumProfilesStoredQuantity" time="0.0060" classname="org.forgerock.identity.authentication.modules.adaptivedeviceprint.logic.UserProfilesHelperTest"/>
  <testcase name="removeOldProfiles" time="0.0020" classname="org.forgerock.identity.authentication.modules.adaptivedeviceprint.logic.UserProfilesHelperTest"/>
  <testcase name="removeOldestProfile" time="0.0" classname="org.forgerock.identity.authentication.modules.adaptivedeviceprint.logic.UserProfilesHelperTest"/>
  <testcase name="saveProfile" time="0.0010" classname="org.forgerock.identity.authentication.modules.adaptivedeviceprint.logic.UserProfilesHelperTest"/>
  <testcase name="testGetNotExpiredProfiles" time="0.0010" classname="org.forgerock.identity.authentication.modules.adaptivedeviceprint.logic.UserProfilesHelperTest"/>
</testsuite> <!-- Command line test -->
